{"C:\\Users\\nener\\gg.start\\api\\coverage\\lcov-report\\block-navigation.js": {"path":"C:\\Users\\nener\\gg.start\\api\\coverage\\lcov-report\\block-navigation.js","statementMap":{"0":{"start":{"line":2,"column":17},"end":{"line":86,"column":4}},"1":{"start":{"line":4,"column":33},"end":{"line":4,"column":74}},"2":{"start":{"line":7,"column":30},"end":{"line":7,"column":44}},"3":{"start":{"line":10,"column":22},"end":{"line":10,"column":78}},"4":{"start":{"line":14,"column":8},"end":{"line":17,"column":55}},"5":{"start":{"line":20,"column":34},"end":{"line":20,"column":69}},"6":{"start":{"line":25,"column":8},"end":{"line":27,"column":45}},"7":{"start":{"line":28,"column":8},"end":{"line":28,"column":73}},"8":{"start":{"line":32,"column":8},"end":{"line":32,"column":27}},"9":{"start":{"line":33,"column":8},"end":{"line":33,"column":29}},"10":{"start":{"line":34,"column":8},"end":{"line":38,"column":11}},"11":{"start":{"line":42,"column":24},"end":{"line":42,"column":25}},"12":{"start":{"line":43,"column":8},"end":{"line":47,"column":9}},"13":{"start":{"line":44,"column":12},"end":{"line":44,"column":59}},"14":{"start":{"line":45,"column":15},"end":{"line":47,"column":9}},"15":{"start":{"line":46,"column":12},"end":{"line":46,"column":41}},"16":{"start":{"line":49,"column":8},"end":{"line":49,"column":31}},"17":{"start":{"line":53,"column":24},"end":{"line":53,"column":25}},"18":{"start":{"line":55,"column":8},"end":{"line":60,"column":9}},"19":{"start":{"line":59,"column":12},"end":{"line":59,"column":41}},"20":{"start":{"line":62,"column":8},"end":{"line":62,"column":31}},"21":{"start":{"line":65,"column":4},"end":{"line":85,"column":6}},"22":{"start":{"line":66,"column":8},"end":{"line":72,"column":9}},"23":{"start":{"line":71,"column":12},"end":{"line":71,"column":19}},"24":{"start":{"line":74,"column":8},"end":{"line":84,"column":9}},"25":{"start":{"line":77,"column":16},"end":{"line":77,"column":27}},"26":{"start":{"line":78,"column":16},"end":{"line":78,"column":22}},"27":{"start":{"line":82,"column":16},"end":{"line":82,"column":31}},"28":{"start":{"line":83,"column":16},"end":{"line":83,"column":22}},"29":{"start":{"line":87,"column":0},"end":{"line":87,"column":47}}},"fnMap":{"0":{"name":"init","decl":{"start":{"line":2,"column":27},"end":{"line":2,"column":31}},"loc":{"start":{"line":2,"column":31},"end":{"line":86,"column":1}}},"1":{"name":"toggleClass","decl":{"start":{"line":24,"column":13},"end":{"line":24,"column":24}},"loc":{"start":{"line":24,"column":30},"end":{"line":29,"column":5}}},"2":{"name":"makeCurrent","decl":{"start":{"line":31,"column":13},"end":{"line":31,"column":24}},"loc":{"start":{"line":31,"column":30},"end":{"line":39,"column":5}}},"3":{"name":"goToPrevious","decl":{"start":{"line":41,"column":13},"end":{"line":41,"column":25}},"loc":{"start":{"line":41,"column":25},"end":{"line":50,"column":5}}},"4":{"name":"goToNext","decl":{"start":{"line":52,"column":13},"end":{"line":52,"column":21}},"loc":{"start":{"line":52,"column":21},"end":{"line":63,"column":5}}},"5":{"name":"jump","decl":{"start":{"line":65,"column":20},"end":{"line":65,"column":24}},"loc":{"start":{"line":65,"column":30},"end":{"line":85,"column":5}}}},"branchMap":{"0":{"loc":{"start":{"line":43,"column":8},"end":{"line":47,"column":9}},"type":"if","locations":[{"start":{"line":43,"column":8},"end":{"line":47,"column":9}},{"start":{"line":45,"column":15},"end":{"line":47,"column":9}}]},"1":{"loc":{"start":{"line":43,"column":12},"end":{"line":43,"column":66}},"type":"binary-expr","locations":[{"start":{"line":43,"column":12},"end":{"line":43,"column":44}},{"start":{"line":43,"column":48},"end":{"line":43,"column":66}}]},"2":{"loc":{"start":{"line":45,"column":15},"end":{"line":47,"column":9}},"type":"if","locations":[{"start":{"line":45,"column":15},"end":{"line":47,"column":9}},{"start":{},"end":{}}]},"3":{"loc":{"start":{"line":55,"column":8},"end":{"line":60,"column":9}},"type":"if","locations":[{"start":{"line":55,"column":8},"end":{"line":60,"column":9}},{"start":{},"end":{}}]},"4":{"loc":{"start":{"line":56,"column":12},"end":{"line":57,"column":61}},"type":"binary-expr","locations":[{"start":{"line":56,"column":12},"end":{"line":56,"column":44}},{"start":{"line":57,"column":12},"end":{"line":57,"column":61}}]},"5":{"loc":{"start":{"line":66,"column":8},"end":{"line":72,"column":9}},"type":"if","locations":[{"start":{"line":66,"column":8},"end":{"line":72,"column":9}},{"start":{},"end":{}}]},"6":{"loc":{"start":{"line":67,"column":12},"end":{"line":68,"column":42}},"type":"binary-expr","locations":[{"start":{"line":67,"column":12},"end":{"line":67,"column":76}},{"start":{"line":68,"column":12},"end":{"line":68,"column":42}}]},"7":{"loc":{"start":{"line":74,"column":8},"end":{"line":84,"column":9}},"type":"switch","locations":[{"start":{"line":75,"column":12},"end":{"line":75,"column":20}},{"start":{"line":76,"column":12},"end":{"line":78,"column":22}},{"start":{"line":79,"column":12},"end":{"line":79,"column":20}},{"start":{"line":80,"column":12},"end":{"line":80,"column":20}},{"start":{"line":81,"column":12},"end":{"line":83,"column":22}}]}},"s":{"0":0,"1":0,"2":0,"3":0,"4":0,"5":0,"6":0,"7":0,"8":0,"9":0,"10":0,"11":0,"12":0,"13":0,"14":0,"15":0,"16":0,"17":0,"18":0,"19":0,"20":0,"21":0,"22":0,"23":0,"24":0,"25":0,"26":0,"27":0,"28":0,"29":0},"f":{"0":0,"1":0,"2":0,"3":0,"4":0,"5":0},"b":{"0":[0,0],"1":[0,0],"2":[0,0],"3":[0,0],"4":[0,0],"5":[0,0],"6":[0,0],"7":[0,0,0,0,0]}}
,"C:\\Users\\nener\\gg.start\\api\\coverage\\lcov-report\\prettify.js": {"path":"C:\\Users\\nener\\gg.start\\api\\coverage\\lcov-report\\prettify.js","statementMap":{"0":{"start":{"line":2,"column":0},"end":{"line":2,"column":39}},"1":{"start":{"line":2,"column":39},"end":{"line":2,"column":15785}},"2":{"start":{"line":2,"column":57},"end":{"line":2,"column":103}},"3":{"start":{"line":2,"column":110},"end":{"line":2,"column":270}},"4":{"start":{"line":2,"column":277},"end":{"line":2,"column":379}},"5":{"start":{"line":2,"column":386},"end":{"line":2,"column":644}},"6":{"start":{"line":2,"column":651},"end":{"line":2,"column":794}},"7":{"start":{"line":2,"column":801},"end":{"line":2,"column":1069}},"8":{"start":{"line":2,"column":1076},"end":{"line":2,"column":1234}},"9":{"start":{"line":2,"column":1241},"end":{"line":2,"column":1321}},"10":{"start":{"line":2,"column":1328},"end":{"line":2,"column":1504}},"11":{"start":{"line":2,"column":1511},"end":{"line":2,"column":1665}},"12":{"start":{"line":2,"column":1672},"end":{"line":2,"column":1844}},"13":{"start":{"line":2,"column":1851},"end":{"line":2,"column":1917}},"14":{"start":{"line":2,"column":1924},"end":{"line":2,"column":1939}},"15":{"start":{"line":2,"column":1946},"end":{"line":2,"column":2058}},"16":{"start":{"line":2,"column":2065},"end":{"line":2,"column":2070}},"17":{"start":{"line":2,"column":2077},"end":{"line":2,"column":2082}},"18":{"start":{"line":2,"column":2089},"end":{"line":2,"column":2094}},"19":{"start":{"line":2,"column":2101},"end":{"line":2,"column":2106}},"20":{"start":{"line":2,"column":2113},"end":{"line":2,"column":2118}},"21":{"start":{"line":2,"column":2125},"end":{"line":2,"column":2130}},"22":{"start":{"line":2,"column":2137},"end":{"line":2,"column":2142}},"23":{"start":{"line":2,"column":2149},"end":{"line":2,"column":2154}},"24":{"start":{"line":2,"column":2161},"end":{"line":2,"column":2166}},"25":{"start":{"line":2,"column":2173},"end":{"line":2,"column":2178}},"26":{"start":{"line":2,"column":2185},"end":{"line":2,"column":2190}},"27":{"start":{"line":2,"column":2197},"end":{"line":2,"column":2202}},"28":{"start":{"line":2,"column":2209},"end":{"line":2,"column":2217}},"29":{"start":{"line":2,"column":2224},"end":{"line":2,"column":2523}},"30":{"start":{"line":2,"column":2545},"end":{"line":2,"column":2546}},"31":{"start":{"line":2,"column":2553},"end":{"line":2,"column":2558}},"32":{"start":{"line":2,"column":2566},"end":{"line":2,"column":2571}},"33":{"start":{"line":2,"column":2572},"end":{"line":2,"column":2754}},"34":{"start":{"line":2,"column":2582},"end":{"line":2,"column":2583}},"35":{"start":{"line":2,"column":2586},"end":{"line":2,"column":2594}},"36":{"start":{"line":2,"column":2611},"end":{"line":2,"column":2615}},"37":{"start":{"line":2,"column":2616},"end":{"line":2,"column":2753}},"38":{"start":{"line":2,"column":2634},"end":{"line":2,"column":2642}},"39":{"start":{"line":2,"column":2647},"end":{"line":2,"column":2752}},"40":{"start":{"line":2,"column":2730},"end":{"line":2,"column":2737}},"41":{"start":{"line":2,"column":2737},"end":{"line":2,"column":2746}},"42":{"start":{"line":2,"column":2746},"end":{"line":2,"column":2751}},"43":{"start":{"line":2,"column":2760},"end":{"line":2,"column":2789}},"44":{"start":{"line":2,"column":2813},"end":{"line":2,"column":2829}},"45":{"start":{"line":2,"column":2830},"end":{"line":2,"column":2852}},"46":{"start":{"line":2,"column":2842},"end":{"line":2,"column":2852}},"47":{"start":{"line":2,"column":2859},"end":{"line":2,"column":2871}},"48":{"start":{"line":2,"column":2872},"end":{"line":2,"column":2881}},"49":{"start":{"line":2,"column":2881},"end":{"line":2,"column":3054}},"50":{"start":{"line":2,"column":2888},"end":{"line":2,"column":2898}},"51":{"start":{"line":2,"column":2903},"end":{"line":2,"column":3053}},"52":{"start":{"line":2,"column":2924},"end":{"line":2,"column":2959}},"53":{"start":{"line":2,"column":2964},"end":{"line":2,"column":3052}},"54":{"start":{"line":2,"column":2987},"end":{"line":2,"column":3023}},"55":{"start":{"line":2,"column":3028},"end":{"line":2,"column":3052}},"56":{"start":{"line":2,"column":3070},"end":{"line":2,"column":3123}},"57":{"start":{"line":2,"column":3080},"end":{"line":2,"column":3123}},"58":{"start":{"line":2,"column":3130},"end":{"line":2,"column":3153}},"59":{"start":{"line":2,"column":3154},"end":{"line":2,"column":3209}},"60":{"start":{"line":2,"column":3198},"end":{"line":2,"column":3209}},"61":{"start":{"line":2,"column":3209},"end":{"line":2,"column":3219}},"62":{"start":{"line":2,"column":3241},"end":{"line":2,"column":3392}},"63":{"start":{"line":2,"column":3400},"end":{"line":2,"column":3402}},"64":{"start":{"line":2,"column":3410},"end":{"line":2,"column":3412}},"65":{"start":{"line":2,"column":3420},"end":{"line":2,"column":3431}},"66":{"start":{"line":2,"column":3432},"end":{"line":2,"column":3796}},"67":{"start":{"line":2,"column":3443},"end":{"line":2,"column":3449}},"68":{"start":{"line":2,"column":3453},"end":{"line":2,"column":3462}},"69":{"start":{"line":2,"column":3482},"end":{"line":2,"column":3488}},"70":{"start":{"line":2,"column":3489},"end":{"line":2,"column":3795}},"71":{"start":{"line":2,"column":3514},"end":{"line":2,"column":3526}},"72":{"start":{"line":2,"column":3538},"end":{"line":2,"column":3544}},"73":{"start":{"line":2,"column":3552},"end":{"line":2,"column":3613}},"74":{"start":{"line":2,"column":3580},"end":{"line":2,"column":3596}},"75":{"start":{"line":2,"column":3596},"end":{"line":2,"column":3602}},"76":{"start":{"line":2,"column":3607},"end":{"line":2,"column":3613}},"77":{"start":{"line":2,"column":3613},"end":{"line":2,"column":3630}},"78":{"start":{"line":2,"column":3630},"end":{"line":2,"column":3794}},"79":{"start":{"line":2,"column":3651},"end":{"line":2,"column":3720}},"80":{"start":{"line":2,"column":3671},"end":{"line":2,"column":3720}},"81":{"start":{"line":2,"column":3720},"end":{"line":2,"column":3793}},"82":{"start":{"line":2,"column":3741},"end":{"line":2,"column":3793}},"83":{"start":{"line":2,"column":3796},"end":{"line":2,"column":3857}},"84":{"start":{"line":2,"column":3820},"end":{"line":2,"column":3855}},"85":{"start":{"line":2,"column":3864},"end":{"line":2,"column":3866}},"86":{"start":{"line":2,"column":3874},"end":{"line":2,"column":3883}},"87":{"start":{"line":2,"column":3884},"end":{"line":2,"column":3998}},"88":{"start":{"line":2,"column":3895},"end":{"line":2,"column":3896}},"89":{"start":{"line":2,"column":3923},"end":{"line":2,"column":3929}},"90":{"start":{"line":2,"column":3930},"end":{"line":2,"column":3997}},"91":{"start":{"line":2,"column":3949},"end":{"line":2,"column":3977}},"92":{"start":{"line":2,"column":3982},"end":{"line":2,"column":3997}},"93":{"start":{"line":2,"column":4005},"end":{"line":2,"column":4010}},"94":{"start":{"line":2,"column":4011},"end":{"line":2,"column":4031}},"95":{"start":{"line":2,"column":4018},"end":{"line":2,"column":4031}},"96":{"start":{"line":2,"column":4031},"end":{"line":2,"column":4052}},"97":{"start":{"line":2,"column":4052},"end":{"line":2,"column":4182}},"98":{"start":{"line":2,"column":4063},"end":{"line":2,"column":4064}},"99":{"start":{"line":2,"column":4091},"end":{"line":2,"column":4097}},"100":{"start":{"line":2,"column":4098},"end":{"line":2,"column":4116}},"101":{"start":{"line":2,"column":4116},"end":{"line":2,"column":4181}},"102":{"start":{"line":2,"column":4132},"end":{"line":2,"column":4163}},"103":{"start":{"line":2,"column":4150},"end":{"line":2,"column":4163}},"104":{"start":{"line":2,"column":4163},"end":{"line":2,"column":4181}},"105":{"start":{"line":2,"column":4182},"end":{"line":2,"column":4195}},"106":{"start":{"line":2,"column":4195},"end":{"line":2,"column":4214}},"107":{"start":{"line":2,"column":4236},"end":{"line":2,"column":4424}},"108":{"start":{"line":2,"column":4432},"end":{"line":2,"column":4441}},"109":{"start":{"line":2,"column":4449},"end":{"line":2,"column":4451}},"110":{"start":{"line":2,"column":4452},"end":{"line":2,"column":4595}},"111":{"start":{"line":2,"column":4463},"end":{"line":2,"column":4464}},"112":{"start":{"line":2,"column":4468},"end":{"line":2,"column":4469}},"113":{"start":{"line":2,"column":4489},"end":{"line":2,"column":4495}},"114":{"start":{"line":2,"column":4496},"end":{"line":2,"column":4594}},"115":{"start":{"line":2,"column":4509},"end":{"line":2,"column":4514}},"116":{"start":{"line":2,"column":4519},"end":{"line":2,"column":4593}},"117":{"start":{"line":2,"column":4550},"end":{"line":2,"column":4566}},"118":{"start":{"line":2,"column":4567},"end":{"line":2,"column":4592}},"119":{"start":{"line":2,"column":4582},"end":{"line":2,"column":4592}},"120":{"start":{"line":2,"column":4595},"end":{"line":2,"column":4656}},"121":{"start":{"line":2,"column":4606},"end":{"line":2,"column":4607}},"122":{"start":{"line":2,"column":4627},"end":{"line":2,"column":4655}},"123":{"start":{"line":2,"column":4643},"end":{"line":2,"column":4655}},"124":{"start":{"line":2,"column":4656},"end":{"line":2,"column":4845}},"125":{"start":{"line":2,"column":4667},"end":{"line":2,"column":4668}},"126":{"start":{"line":2,"column":4672},"end":{"line":2,"column":4673}},"127":{"start":{"line":2,"column":4693},"end":{"line":2,"column":4699}},"128":{"start":{"line":2,"column":4700},"end":{"line":2,"column":4844}},"129":{"start":{"line":2,"column":4713},"end":{"line":2,"column":4718}},"130":{"start":{"line":2,"column":4718},"end":{"line":2,"column":4754}},"131":{"start":{"line":2,"column":4741},"end":{"line":2,"column":4754}},"132":{"start":{"line":2,"column":4760},"end":{"line":2,"column":4843}},"133":{"start":{"line":2,"column":4791},"end":{"line":2,"column":4807}},"134":{"start":{"line":2,"column":4808},"end":{"line":2,"column":4842}},"135":{"start":{"line":2,"column":4823},"end":{"line":2,"column":4842}},"136":{"start":{"line":2,"column":4845},"end":{"line":2,"column":4919}},"137":{"start":{"line":2,"column":4856},"end":{"line":2,"column":4857}},"138":{"start":{"line":2,"column":4861},"end":{"line":2,"column":4862}},"139":{"start":{"line":2,"column":4875},"end":{"line":2,"column":4918}},"140":{"start":{"line":2,"column":4908},"end":{"line":2,"column":4918}},"141":{"start":{"line":2,"column":4919},"end":{"line":2,"column":5178}},"142":{"start":{"line":2,"column":4940},"end":{"line":2,"column":5177}},"143":{"start":{"line":2,"column":4951},"end":{"line":2,"column":4952}},"144":{"start":{"line":2,"column":4972},"end":{"line":2,"column":4978}},"145":{"start":{"line":2,"column":4986},"end":{"line":2,"column":4998}},"146":{"start":{"line":2,"column":4999},"end":{"line":2,"column":5176}},"147":{"start":{"line":2,"column":5026},"end":{"line":2,"column":5039}},"148":{"start":{"line":2,"column":5044},"end":{"line":2,"column":5175}},"149":{"start":{"line":2,"column":5058},"end":{"line":2,"column":5175}},"150":{"start":{"line":2,"column":5108},"end":{"line":2,"column":5124}},"151":{"start":{"line":2,"column":5125},"end":{"line":2,"column":5173}},"152":{"start":{"line":2,"column":5178},"end":{"line":2,"column":5197}},"153":{"start":{"line":2,"column":5204},"end":{"line":2,"column":5206}},"154":{"start":{"line":2,"column":5207},"end":{"line":2,"column":5327}},"155":{"start":{"line":2,"column":5217},"end":{"line":2,"column":5218}},"156":{"start":{"line":2,"column":5221},"end":{"line":2,"column":5229}},"157":{"start":{"line":2,"column":5246},"end":{"line":2,"column":5250}},"158":{"start":{"line":2,"column":5251},"end":{"line":2,"column":5302}},"159":{"start":{"line":2,"column":5279},"end":{"line":2,"column":5302}},"160":{"start":{"line":2,"column":5302},"end":{"line":2,"column":5327}},"161":{"start":{"line":2,"column":5327},"end":{"line":2,"column":5371}},"162":{"start":{"line":2,"column":5391},"end":{"line":2,"column":5415}},"163":{"start":{"line":2,"column":5422},"end":{"line":2,"column":5424}},"164":{"start":{"line":2,"column":5431},"end":{"line":2,"column":5432}},"165":{"start":{"line":2,"column":5439},"end":{"line":2,"column":5441}},"166":{"start":{"line":2,"column":5448},"end":{"line":2,"column":5449}},"167":{"start":{"line":2,"column":5456},"end":{"line":2,"column":5617}},"168":{"start":{"line":2,"column":5475},"end":{"line":2,"column":5503}},"169":{"start":{"line":2,"column":5508},"end":{"line":2,"column":5616}},"170":{"start":{"line":2,"column":5536},"end":{"line":2,"column":5616}},"171":{"start":{"line":2,"column":5623},"end":{"line":2,"column":5650}},"172":{"start":{"line":2,"column":5667},"end":{"line":2,"column":6045}},"173":{"start":{"line":2,"column":5694},"end":{"line":2,"column":5726}},"174":{"start":{"line":2,"column":5719},"end":{"line":2,"column":5725}},"175":{"start":{"line":2,"column":5726},"end":{"line":2,"column":5780}},"176":{"start":{"line":2,"column":5737},"end":{"line":2,"column":5750}},"177":{"start":{"line":2,"column":5773},"end":{"line":2,"column":5780}},"178":{"start":{"line":2,"column":5787},"end":{"line":2,"column":5798}},"179":{"start":{"line":2,"column":5799},"end":{"line":2,"column":5863}},"180":{"start":{"line":2,"column":5824},"end":{"line":2,"column":5834}},"181":{"start":{"line":2,"column":5834},"end":{"line":2,"column":5846}},"182":{"start":{"line":2,"column":5846},"end":{"line":2,"column":5863}},"183":{"start":{"line":2,"column":5863},"end":{"line":2,"column":5869}},"184":{"start":{"line":2,"column":5890},"end":{"line":2,"column":5902}},"185":{"start":{"line":2,"column":5903},"end":{"line":2,"column":6039}},"186":{"start":{"line":2,"column":5917},"end":{"line":2,"column":5991}},"187":{"start":{"line":2,"column":5924},"end":{"line":2,"column":5957}},"188":{"start":{"line":2,"column":5962},"end":{"line":2,"column":5991}},"189":{"start":{"line":2,"column":5991},"end":{"line":2,"column":5999}},"190":{"start":{"line":2,"column":5999},"end":{"line":2,"column":6009}},"191":{"start":{"line":2,"column":6009},"end":{"line":2,"column":6022}},"192":{"start":{"line":2,"column":6022},"end":{"line":2,"column":6039}},"193":{"start":{"line":2,"column":6039},"end":{"line":2,"column":6044}},"194":{"start":{"line":2,"column":6046},"end":{"line":2,"column":6052}},"195":{"start":{"line":2,"column":6052},"end":{"line":2,"column":6108}},"196":{"start":{"line":2,"column":6128},"end":{"line":2,"column":6142}},"197":{"start":{"line":2,"column":6135},"end":{"line":2,"column":6141}},"198":{"start":{"line":2,"column":6148},"end":{"line":2,"column":6172}},"199":{"start":{"line":2,"column":6173},"end":{"line":2,"column":6178}},"200":{"start":{"line":2,"column":6178},"end":{"line":2,"column":6208}},"201":{"start":{"line":2,"column":6214},"end":{"line":2,"column":6218}},"202":{"start":{"line":2,"column":6239},"end":{"line":2,"column":6248}},"203":{"start":{"line":2,"column":6249},"end":{"line":2,"column":6362}},"204":{"start":{"line":2,"column":6259},"end":{"line":2,"column":6271}},"205":{"start":{"line":2,"column":6297},"end":{"line":2,"column":6307}},"206":{"start":{"line":2,"column":6308},"end":{"line":2,"column":6362}},"207":{"start":{"line":2,"column":6362},"end":{"line":2,"column":6387}},"208":{"start":{"line":2,"column":6409},"end":{"line":2,"column":6411}},"209":{"start":{"line":2,"column":6418},"end":{"line":2,"column":6700}},"210":{"start":{"line":2,"column":6437},"end":{"line":2,"column":6448}},"211":{"start":{"line":2,"column":6456},"end":{"line":2,"column":6458}},"212":{"start":{"line":2,"column":6466},"end":{"line":2,"column":6468}},"213":{"start":{"line":2,"column":6469},"end":{"line":2,"column":6665}},"214":{"start":{"line":2,"column":6480},"end":{"line":2,"column":6481}},"215":{"start":{"line":2,"column":6484},"end":{"line":2,"column":6493}},"216":{"start":{"line":2,"column":6511},"end":{"line":2,"column":6517}},"217":{"start":{"line":2,"column":6525},"end":{"line":2,"column":6529}},"218":{"start":{"line":2,"column":6530},"end":{"line":2,"column":6588}},"219":{"start":{"line":2,"column":6537},"end":{"line":2,"column":6587}},"220":{"start":{"line":2,"column":6548},"end":{"line":2,"column":6557}},"221":{"start":{"line":2,"column":6568},"end":{"line":2,"column":6587}},"222":{"start":{"line":2,"column":6595},"end":{"line":2,"column":6599}},"223":{"start":{"line":2,"column":6607},"end":{"line":2,"column":6612}},"224":{"start":{"line":2,"column":6613},"end":{"line":2,"column":6664}},"225":{"start":{"line":2,"column":6640},"end":{"line":2,"column":6652}},"226":{"start":{"line":2,"column":6652},"end":{"line":2,"column":6664}},"227":{"start":{"line":2,"column":6665},"end":{"line":2,"column":6688}},"228":{"start":{"line":2,"column":6688},"end":{"line":2,"column":6696}},"229":{"start":{"line":2,"column":6706},"end":{"line":2,"column":6714}},"230":{"start":{"line":2,"column":6721},"end":{"line":2,"column":7510}},"231":{"start":{"line":2,"column":6740},"end":{"line":2,"column":6753}},"232":{"start":{"line":2,"column":6756},"end":{"line":2,"column":6766}},"233":{"start":{"line":2,"column":6774},"end":{"line":2,"column":6779}},"234":{"start":{"line":2,"column":6787},"end":{"line":2,"column":6788}},"235":{"start":{"line":2,"column":6796},"end":{"line":2,"column":6810}},"236":{"start":{"line":2,"column":6818},"end":{"line":2,"column":6820}},"237":{"start":{"line":2,"column":6821},"end":{"line":2,"column":7492}},"238":{"start":{"line":2,"column":6832},"end":{"line":2,"column":6833}},"239":{"start":{"line":2,"column":6837},"end":{"line":2,"column":6846}},"240":{"start":{"line":2,"column":6866},"end":{"line":2,"column":6872}},"241":{"start":{"line":2,"column":6880},"end":{"line":2,"column":6886}},"242":{"start":{"line":2,"column":6894},"end":{"line":2,"column":6900}},"243":{"start":{"line":2,"column":6908},"end":{"line":2,"column":7216}},"244":{"start":{"line":2,"column":6933},"end":{"line":2,"column":6942}},"245":{"start":{"line":2,"column":6954},"end":{"line":2,"column":6969}},"246":{"start":{"line":2,"column":6970},"end":{"line":2,"column":7099}},"247":{"start":{"line":2,"column":6977},"end":{"line":2,"column":6996}},"248":{"start":{"line":2,"column":6996},"end":{"line":2,"column":7005}},"249":{"start":{"line":2,"column":7010},"end":{"line":2,"column":7085}},"250":{"start":{"line":2,"column":7021},"end":{"line":2,"column":7022}},"251":{"start":{"line":2,"column":7034},"end":{"line":2,"column":7043}},"252":{"start":{"line":2,"column":7043},"end":{"line":2,"column":7062}},"253":{"start":{"line":2,"column":7062},"end":{"line":2,"column":7084}},"254":{"start":{"line":2,"column":7069},"end":{"line":2,"column":7078}},"255":{"start":{"line":2,"column":7078},"end":{"line":2,"column":7083}},"256":{"start":{"line":2,"column":7085},"end":{"line":2,"column":7098}},"257":{"start":{"line":2,"column":7093},"end":{"line":2,"column":7098}},"258":{"start":{"line":2,"column":7099},"end":{"line":2,"column":7144}},"259":{"start":{"line":2,"column":7144},"end":{"line":2,"column":7197}},"260":{"start":{"line":2,"column":7183},"end":{"line":2,"column":7192}},"261":{"start":{"line":2,"column":7192},"end":{"line":2,"column":7197}},"262":{"start":{"line":2,"column":7197},"end":{"line":2,"column":7215}},"263":{"start":{"line":2,"column":7205},"end":{"line":2,"column":7215}},"264":{"start":{"line":2,"column":7223},"end":{"line":2,"column":7225}},"265":{"start":{"line":2,"column":7226},"end":{"line":2,"column":7240}},"266":{"start":{"line":2,"column":7240},"end":{"line":2,"column":7491}},"267":{"start":{"line":2,"column":7248},"end":{"line":2,"column":7265}},"268":{"start":{"line":2,"column":7277},"end":{"line":2,"column":7282}},"269":{"start":{"line":2,"column":7290},"end":{"line":2,"column":7304}},"270":{"start":{"line":2,"column":7312},"end":{"line":2,"column":7324}},"271":{"start":{"line":2,"column":7325},"end":{"line":2,"column":7377}},"272":{"start":{"line":2,"column":7335},"end":{"line":2,"column":7361}},"273":{"start":{"line":2,"column":7361},"end":{"line":2,"column":7377}},"274":{"start":{"line":2,"column":7384},"end":{"line":2,"column":7399}},"275":{"start":{"line":2,"column":7400},"end":{"line":2,"column":7432}},"276":{"start":{"line":2,"column":7432},"end":{"line":2,"column":7458}},"277":{"start":{"line":2,"column":7458},"end":{"line":2,"column":7491}},"278":{"start":{"line":2,"column":7492},"end":{"line":2,"column":7510}},"279":{"start":{"line":2,"column":7511},"end":{"line":2,"column":7520}},"280":{"start":{"line":2,"column":7540},"end":{"line":2,"column":7542}},"281":{"start":{"line":2,"column":7545},"end":{"line":2,"column":7547}},"282":{"start":{"line":2,"column":7548},"end":{"line":2,"column":8035}},"283":{"start":{"line":2,"column":7574},"end":{"line":2,"column":7782}},"284":{"start":{"line":2,"column":7787},"end":{"line":2,"column":8034}},"285":{"start":{"line":2,"column":7810},"end":{"line":2,"column":7937}},"286":{"start":{"line":2,"column":7942},"end":{"line":2,"column":8034}},"287":{"start":{"line":2,"column":8035},"end":{"line":2,"column":8104}},"288":{"start":{"line":2,"column":8057},"end":{"line":2,"column":8104}},"289":{"start":{"line":2,"column":8110},"end":{"line":2,"column":8124}},"290":{"start":{"line":2,"column":8125},"end":{"line":2,"column":8474}},"291":{"start":{"line":2,"column":8131},"end":{"line":2,"column":8473}},"292":{"start":{"line":2,"column":8152},"end":{"line":2,"column":8346}},"293":{"start":{"line":2,"column":8160},"end":{"line":2,"column":8221}},"294":{"start":{"line":2,"column":8226},"end":{"line":2,"column":8346}},"295":{"start":{"line":2,"column":8346},"end":{"line":2,"column":8434}},"296":{"start":{"line":2,"column":8439},"end":{"line":2,"column":8473}},"297":{"start":{"line":2,"column":8474},"end":{"line":2,"column":8571}},"298":{"start":{"line":2,"column":8495},"end":{"line":2,"column":8528}},"299":{"start":{"line":2,"column":8528},"end":{"line":2,"column":8571}},"300":{"start":{"line":2,"column":8571},"end":{"line":2,"column":8746}},"301":{"start":{"line":2,"column":8598},"end":{"line":2,"column":8693}},"302":{"start":{"line":2,"column":8695},"end":{"line":2,"column":8746}},"303":{"start":{"line":2,"column":8752},"end":{"line":2,"column":8759}},"304":{"start":{"line":2,"column":8760},"end":{"line":2,"column":8780}},"305":{"start":{"line":2,"column":8766},"end":{"line":2,"column":8780}},"306":{"start":{"line":2,"column":8786},"end":{"line":2,"column":8822}},"307":{"start":{"line":2,"column":8823},"end":{"line":2,"column":8904}},"308":{"start":{"line":2,"column":8836},"end":{"line":2,"column":8904}},"309":{"start":{"line":2,"column":8904},"end":{"line":2,"column":8942}},"310":{"start":{"line":2,"column":8942},"end":{"line":2,"column":9257}},"311":{"start":{"line":2,"column":9257},"end":{"line":2,"column":9271}},"312":{"start":{"line":2,"column":9277},"end":{"line":2,"column":9371}},"313":{"start":{"line":2,"column":9395},"end":{"line":2,"column":9419}},"314":{"start":{"line":2,"column":9427},"end":{"line":2,"column":9437}},"315":{"start":{"line":2,"column":9445},"end":{"line":2,"column":9460}},"316":{"start":{"line":2,"column":9467},"end":{"line":2,"column":9622}},"317":{"start":{"line":2,"column":9486},"end":{"line":2,"column":9514}},"318":{"start":{"line":2,"column":9519},"end":{"line":2,"column":9621}},"319":{"start":{"line":2,"column":9547},"end":{"line":2,"column":9621}},"320":{"start":{"line":2,"column":9628},"end":{"line":2,"column":9655}},"321":{"start":{"line":2,"column":9663},"end":{"line":2,"column":9685}},"322":{"start":{"line":2,"column":9686},"end":{"line":2,"column":9735}},"323":{"start":{"line":2,"column":9706},"end":{"line":2,"column":9735}},"324":{"start":{"line":2,"column":9741},"end":{"line":2,"column":9745}},"325":{"start":{"line":2,"column":9762},"end":{"line":2,"column":10258}},"326":{"start":{"line":2,"column":9789},"end":{"line":2,"column":9820}},"327":{"start":{"line":2,"column":9814},"end":{"line":2,"column":9819}},"328":{"start":{"line":2,"column":9820},"end":{"line":2,"column":9959}},"329":{"start":{"line":2,"column":9843},"end":{"line":2,"column":9850}},"330":{"start":{"line":2,"column":9850},"end":{"line":2,"column":9898}},"331":{"start":{"line":2,"column":9868},"end":{"line":2,"column":9898}},"332":{"start":{"line":2,"column":9904},"end":{"line":2,"column":9958}},"333":{"start":{"line":2,"column":9915},"end":{"line":2,"column":9928}},"334":{"start":{"line":2,"column":9951},"end":{"line":2,"column":9958}},"335":{"start":{"line":2,"column":9959},"end":{"line":2,"column":9965}},"336":{"start":{"line":2,"column":9979},"end":{"line":2,"column":10252}},"337":{"start":{"line":2,"column":9992},"end":{"line":2,"column":10004}},"338":{"start":{"line":2,"column":10012},"end":{"line":2,"column":10024}},"339":{"start":{"line":2,"column":10025},"end":{"line":2,"column":10251}},"340":{"start":{"line":2,"column":10039},"end":{"line":2,"column":10063}},"341":{"start":{"line":2,"column":10064},"end":{"line":2,"column":10080}},"342":{"start":{"line":2,"column":10087},"end":{"line":2,"column":10122}},"343":{"start":{"line":2,"column":10123},"end":{"line":2,"column":10205}},"344":{"start":{"line":2,"column":10137},"end":{"line":2,"column":10150}},"345":{"start":{"line":2,"column":10151},"end":{"line":2,"column":10205}},"346":{"start":{"line":2,"column":10205},"end":{"line":2,"column":10212}},"347":{"start":{"line":2,"column":10212},"end":{"line":2,"column":10250}},"348":{"start":{"line":2,"column":10220},"end":{"line":2,"column":10250}},"349":{"start":{"line":2,"column":10252},"end":{"line":2,"column":10257}},"350":{"start":{"line":2,"column":10275},"end":{"line":2,"column":10331}},"351":{"start":{"line":2,"column":10298},"end":{"line":2,"column":10315}},"352":{"start":{"line":2,"column":10315},"end":{"line":2,"column":10330}},"353":{"start":{"line":2,"column":10323},"end":{"line":2,"column":10329}},"354":{"start":{"line":2,"column":10357},"end":{"line":2,"column":10382}},"355":{"start":{"line":2,"column":10390},"end":{"line":2,"column":10403}},"356":{"start":{"line":2,"column":10404},"end":{"line":2,"column":10530}},"357":{"start":{"line":2,"column":10418},"end":{"line":2,"column":10426}},"358":{"start":{"line":2,"column":10434},"end":{"line":2,"column":10448}},"359":{"start":{"line":2,"column":10449},"end":{"line":2,"column":10468}},"360":{"start":{"line":2,"column":10468},"end":{"line":2,"column":10529}},"361":{"start":{"line":2,"column":10479},"end":{"line":2,"column":10481}},"362":{"start":{"line":2,"column":10492},"end":{"line":2,"column":10510}},"363":{"start":{"line":2,"column":10510},"end":{"line":2,"column":10529}},"364":{"start":{"line":2,"column":10530},"end":{"line":2,"column":10540}},"365":{"start":{"line":2,"column":10547},"end":{"line":2,"column":10567}},"366":{"start":{"line":2,"column":10568},"end":{"line":2,"column":10623}},"367":{"start":{"line":2,"column":10617},"end":{"line":2,"column":10623}},"368":{"start":{"line":2,"column":10623},"end":{"line":2,"column":10634}},"369":{"start":{"line":2,"column":10634},"end":{"line":2,"column":10671}},"370":{"start":{"line":2,"column":10644},"end":{"line":2,"column":10645}},"371":{"start":{"line":2,"column":10662},"end":{"line":2,"column":10671}},"372":{"start":{"line":2,"column":10671},"end":{"line":2,"column":10717}},"373":{"start":{"line":2,"column":10687},"end":{"line":2,"column":10717}},"374":{"start":{"line":2,"column":10724},"end":{"line":2,"column":10746}},"375":{"start":{"line":2,"column":10747},"end":{"line":2,"column":10771}},"376":{"start":{"line":2,"column":10777},"end":{"line":2,"column":10802}},"377":{"start":{"line":2,"column":10803},"end":{"line":2,"column":10951}},"378":{"start":{"line":2,"column":10813},"end":{"line":2,"column":10814}},"379":{"start":{"line":2,"column":10817},"end":{"line":2,"column":10825}},"380":{"start":{"line":2,"column":10835},"end":{"line":2,"column":10843}},"381":{"start":{"line":2,"column":10843},"end":{"line":2,"column":10871}},"382":{"start":{"line":2,"column":10871},"end":{"line":2,"column":10932}},"383":{"start":{"line":2,"column":10890},"end":{"line":2,"column":10932}},"384":{"start":{"line":2,"column":10932},"end":{"line":2,"column":10951}},"385":{"start":{"line":2,"column":10951},"end":{"line":2,"column":10969}},"386":{"start":{"line":2,"column":10991},"end":{"line":2,"column":11027}},"387":{"start":{"line":2,"column":11035},"end":{"line":2,"column":11040}},"388":{"start":{"line":2,"column":11048},"end":{"line":2,"column":11061}},"389":{"start":{"line":2,"column":11069},"end":{"line":2,"column":11078}},"390":{"start":{"line":2,"column":11085},"end":{"line":2,"column":11086}},"391":{"start":{"line":2,"column":11094},"end":{"line":2,"column":11102}},"392":{"start":{"line":2,"column":11109},"end":{"line":2,"column":11118}},"393":{"start":{"line":2,"column":11126},"end":{"line":2,"column":11127}},"394":{"start":{"line":2,"column":11134},"end":{"line":2,"column":11148}},"395":{"start":{"line":2,"column":11155},"end":{"line":2,"column":11163}},"396":{"start":{"line":2,"column":11170},"end":{"line":2,"column":11171}},"397":{"start":{"line":2,"column":11172},"end":{"line":2,"column":11180}},"398":{"start":{"line":2,"column":11190},"end":{"line":2,"column":11273}},"399":{"start":{"line":2,"column":11209},"end":{"line":2,"column":11272}},"400":{"start":{"line":2,"column":11229},"end":{"line":2,"column":11245}},"401":{"start":{"line":2,"column":11245},"end":{"line":2,"column":11261}},"402":{"start":{"line":2,"column":11266},"end":{"line":2,"column":11272}},"403":{"start":{"line":2,"column":11273},"end":{"line":2,"column":11278}},"404":{"start":{"line":2,"column":11278},"end":{"line":2,"column":11395}},"405":{"start":{"line":2,"column":11304},"end":{"line":2,"column":11309}},"406":{"start":{"line":2,"column":11317},"end":{"line":2,"column":11324}},"407":{"start":{"line":2,"column":11331},"end":{"line":2,"column":11335}},"408":{"start":{"line":2,"column":11336},"end":{"line":2,"column":11368}},"409":{"start":{"line":2,"column":11363},"end":{"line":2,"column":11368}},"410":{"start":{"line":2,"column":11368},"end":{"line":2,"column":11379}},"411":{"start":{"line":2,"column":11379},"end":{"line":2,"column":11390}},"412":{"start":{"line":2,"column":11390},"end":{"line":2,"column":11395}},"413":{"start":{"line":2,"column":11395},"end":{"line":2,"column":11409}},"414":{"start":{"line":2,"column":11416},"end":{"line":2,"column":11420}},"415":{"start":{"line":2,"column":11421},"end":{"line":2,"column":11892}},"416":{"start":{"line":2,"column":11440},"end":{"line":2,"column":11446}},"417":{"start":{"line":2,"column":11453},"end":{"line":2,"column":11465}},"418":{"start":{"line":2,"column":11473},"end":{"line":2,"column":11477}},"419":{"start":{"line":2,"column":11485},"end":{"line":2,"column":11495}},"420":{"start":{"line":2,"column":11502},"end":{"line":2,"column":11516}},"421":{"start":{"line":2,"column":11524},"end":{"line":2,"column":11532}},"422":{"start":{"line":2,"column":11539},"end":{"line":2,"column":11857}},"423":{"start":{"line":2,"column":11582},"end":{"line":2,"column":11610}},"424":{"start":{"line":2,"column":11589},"end":{"line":2,"column":11610}},"425":{"start":{"line":2,"column":11610},"end":{"line":2,"column":11625}},"426":{"start":{"line":2,"column":11632},"end":{"line":2,"column":11648}},"427":{"start":{"line":2,"column":11656},"end":{"line":2,"column":11680}},"428":{"start":{"line":2,"column":11681},"end":{"line":2,"column":11701}},"429":{"start":{"line":2,"column":11708},"end":{"line":2,"column":11721}},"430":{"start":{"line":2,"column":11722},"end":{"line":2,"column":11745}},"431":{"start":{"line":2,"column":11745},"end":{"line":2,"column":11764}},"432":{"start":{"line":2,"column":11764},"end":{"line":2,"column":11856}},"433":{"start":{"line":2,"column":11772},"end":{"line":2,"column":11821}},"434":{"start":{"line":2,"column":11821},"end":{"line":2,"column":11856}},"435":{"start":{"line":2,"column":11857},"end":{"line":2,"column":11861}},"436":{"start":{"line":2,"column":11861},"end":{"line":2,"column":11876}},"437":{"start":{"line":2,"column":11870},"end":{"line":2,"column":11876}},"438":{"start":{"line":2,"column":11876},"end":{"line":2,"column":11891}},"439":{"start":{"line":2,"column":11886},"end":{"line":2,"column":11891}},"440":{"start":{"line":2,"column":11899},"end":{"line":2,"column":11901}},"441":{"start":{"line":2,"column":11918},"end":{"line":2,"column":12069}},"442":{"start":{"line":2,"column":11928},"end":{"line":2,"column":11936}},"443":{"start":{"line":2,"column":11952},"end":{"line":2,"column":11956}},"444":{"start":{"line":2,"column":11957},"end":{"line":2,"column":12068}},"445":{"start":{"line":2,"column":11982},"end":{"line":2,"column":11989}},"446":{"start":{"line":2,"column":11994},"end":{"line":2,"column":12067}},"447":{"start":{"line":2,"column":12013},"end":{"line":2,"column":12067}},"448":{"start":{"line":2,"column":12086},"end":{"line":2,"column":12166}},"449":{"start":{"line":2,"column":12116},"end":{"line":2,"column":12166}},"450":{"start":{"line":2,"column":12166},"end":{"line":2,"column":12178}},"451":{"start":{"line":2,"column":12178},"end":{"line":2,"column":12200}},"452":{"start":{"line":2,"column":12200},"end":{"line":2,"column":12643}},"453":{"start":{"line":2,"column":12643},"end":{"line":2,"column":13152}},"454":{"start":{"line":2,"column":13152},"end":{"line":2,"column":13189}},"455":{"start":{"line":2,"column":13189},"end":{"line":2,"column":13287}},"456":{"start":{"line":2,"column":13287},"end":{"line":2,"column":13331}},"457":{"start":{"line":2,"column":13331},"end":{"line":2,"column":13424}},"458":{"start":{"line":2,"column":13424},"end":{"line":2,"column":13472}},"459":{"start":{"line":2,"column":13472},"end":{"line":2,"column":13550}},"460":{"start":{"line":2,"column":13550},"end":{"line":2,"column":13646}},"461":{"start":{"line":2,"column":13646},"end":{"line":2,"column":13743}},"462":{"start":{"line":2,"column":13743},"end":{"line":2,"column":13828}},"463":{"start":{"line":2,"column":13828},"end":{"line":2,"column":13893}},"464":{"start":{"line":2,"column":13893},"end":{"line":2,"column":14024}},"465":{"start":{"line":2,"column":14024},"end":{"line":2,"column":14060}},"466":{"start":{"line":2,"column":14080},"end":{"line":2,"column":14095}},"467":{"start":{"line":2,"column":14096},"end":{"line":2,"column":14267}},"468":{"start":{"line":2,"column":14106},"end":{"line":2,"column":14121}},"469":{"start":{"line":2,"column":14128},"end":{"line":2,"column":14140}},"470":{"start":{"line":2,"column":14141},"end":{"line":2,"column":14156}},"471":{"start":{"line":2,"column":14156},"end":{"line":2,"column":14172}},"472":{"start":{"line":2,"column":14172},"end":{"line":2,"column":14184}},"473":{"start":{"line":2,"column":14184},"end":{"line":2,"column":14194}},"474":{"start":{"line":2,"column":14194},"end":{"line":2,"column":14199}},"475":{"start":{"line":2,"column":14208},"end":{"line":2,"column":14266}},"476":{"start":{"line":2,"column":14232},"end":{"line":2,"column":14266}},"477":{"start":{"line":2,"column":14292},"end":{"line":2,"column":14321}},"478":{"start":{"line":2,"column":14322},"end":{"line":2,"column":14336}},"479":{"start":{"line":2,"column":14336},"end":{"line":2,"column":14349}},"480":{"start":{"line":2,"column":14342},"end":{"line":2,"column":14349}},"481":{"start":{"line":2,"column":14355},"end":{"line":2,"column":14399}},"482":{"start":{"line":2,"column":14400},"end":{"line":2,"column":14405}},"483":{"start":{"line":2,"column":14405},"end":{"line":2,"column":14424}},"484":{"start":{"line":2,"column":14454},"end":{"line":2,"column":14495}},"485":{"start":{"line":2,"column":14502},"end":{"line":2,"column":14531}},"486":{"start":{"line":2,"column":14538},"end":{"line":2,"column":14540}},"487":{"start":{"line":2,"column":14541},"end":{"line":2,"column":14629}},"488":{"start":{"line":2,"column":14552},"end":{"line":2,"column":14553}},"489":{"start":{"line":2,"column":14573},"end":{"line":2,"column":14628}},"490":{"start":{"line":2,"column":14583},"end":{"line":2,"column":14584}},"491":{"start":{"line":2,"column":14587},"end":{"line":2,"column":14600}},"492":{"start":{"line":2,"column":14610},"end":{"line":2,"column":14628}},"493":{"start":{"line":2,"column":14629},"end":{"line":2,"column":14637}},"494":{"start":{"line":2,"column":14643},"end":{"line":2,"column":14647}},"495":{"start":{"line":2,"column":14648},"end":{"line":2,"column":14698}},"496":{"start":{"line":2,"column":14659},"end":{"line":2,"column":14698}},"497":{"start":{"line":2,"column":14677},"end":{"line":2,"column":14696}},"498":{"start":{"line":2,"column":14704},"end":{"line":2,"column":14705}},"499":{"start":{"line":2,"column":14719},"end":{"line":2,"column":14751}},"500":{"start":{"line":2,"column":14759},"end":{"line":2,"column":14776}},"501":{"start":{"line":2,"column":14798},"end":{"line":2,"column":14852}},"502":{"start":{"line":2,"column":14854},"end":{"line":2,"column":15434}},"503":{"start":{"line":2,"column":14894},"end":{"line":2,"column":14898}},"504":{"start":{"line":2,"column":14906},"end":{"line":2,"column":14918}},"505":{"start":{"line":2,"column":14919},"end":{"line":2,"column":15433}},"506":{"start":{"line":2,"column":14959},"end":{"line":2,"column":14971}},"507":{"start":{"line":2,"column":14979},"end":{"line":2,"column":15046}},"508":{"start":{"line":2,"column":15020},"end":{"line":2,"column":15046}},"509":{"start":{"line":2,"column":15046},"end":{"line":2,"column":15062}},"510":{"start":{"line":2,"column":15053},"end":{"line":2,"column":15062}},"511":{"start":{"line":2,"column":15069},"end":{"line":2,"column":15074}},"512":{"start":{"line":2,"column":15075},"end":{"line":2,"column":15256}},"513":{"start":{"line":2,"column":15086},"end":{"line":2,"column":15099}},"514":{"start":{"line":2,"column":15121},"end":{"line":2,"column":15255}},"515":{"start":{"line":2,"column":15241},"end":{"line":2,"column":15249}},"516":{"start":{"line":2,"column":15249},"end":{"line":2,"column":15254}},"517":{"start":{"line":2,"column":15256},"end":{"line":2,"column":15432}},"518":{"start":{"line":2,"column":15271},"end":{"line":2,"column":15316}},"519":{"start":{"line":2,"column":15317},"end":{"line":2,"column":15361}},"520":{"start":{"line":2,"column":15361},"end":{"line":2,"column":15377}},"521":{"start":{"line":2,"column":15368},"end":{"line":2,"column":15377}},"522":{"start":{"line":2,"column":15377},"end":{"line":2,"column":15427}},"523":{"start":{"line":2,"column":15427},"end":{"line":2,"column":15432}},"524":{"start":{"line":2,"column":15434},"end":{"line":2,"column":15485}},"525":{"start":{"line":2,"column":15449},"end":{"line":2,"column":15467}},"526":{"start":{"line":2,"column":15472},"end":{"line":2,"column":15484}},"527":{"start":{"line":2,"column":15479},"end":{"line":2,"column":15484}},"528":{"start":{"line":2,"column":15486},"end":{"line":2,"column":15490}},"529":{"start":{"line":2,"column":15490},"end":{"line":2,"column":15514}},"530":{"start":{"line":2,"column":15514},"end":{"line":2,"column":15535}},"531":{"start":{"line":2,"column":15535},"end":{"line":2,"column":15781}},"532":{"start":{"line":2,"column":15785},"end":{"line":2,"column":16550}},"533":{"start":{"line":2,"column":16550},"end":{"line":2,"column":17330}},"534":{"start":{"line":2,"column":17330},"end":{"line":2,"column":17476}},"535":{"start":{"line":2,"column":17476},"end":{"line":2,"column":17568}}},"fnMap":{"0":{"name":"(anonymous_0)","decl":{"start":{"line":2,"column":40},"end":{"line":2,"column":51}},"loc":{"start":{"line":2,"column":40},"end":{"line":2,"column":15781}}},"1":{"name":"k","decl":{"start":{"line":2,"column":2533},"end":{"line":2,"column":2534}},"loc":{"start":{"line":2,"column":2536},"end":{"line":2,"column":5371}}},"2":{"name":"ab","decl":{"start":{"line":2,"column":2799},"end":{"line":2,"column":2801}},"loc":{"start":{"line":2,"column":2804},"end":{"line":2,"column":3055}}},"3":{"name":"T","decl":{"start":{"line":2,"column":3064},"end":{"line":2,"column":3065}},"loc":{"start":{"line":2,"column":3068},"end":{"line":2,"column":3219}}},"4":{"name":"X","decl":{"start":{"line":2,"column":3228},"end":{"line":2,"column":3229}},"loc":{"start":{"line":2,"column":3232},"end":{"line":2,"column":4214}}},"5":{"name":"(anonymous_5)","decl":{"start":{"line":2,"column":3804},"end":{"line":2,"column":3813}},"loc":{"start":{"line":2,"column":3818},"end":{"line":2,"column":3855}}},"6":{"name":"W","decl":{"start":{"line":2,"column":4223},"end":{"line":2,"column":4224}},"loc":{"start":{"line":2,"column":4227},"end":{"line":2,"column":5197}}},"7":{"name":"(anonymous_7)","decl":{"start":{"line":2,"column":5088},"end":{"line":2,"column":5097}},"loc":{"start":{"line":2,"column":5099},"end":{"line":2,"column":5173}}},"8":{"name":"a","decl":{"start":{"line":2,"column":5380},"end":{"line":2,"column":5381}},"loc":{"start":{"line":2,"column":5383},"end":{"line":2,"column":6108}}},"9":{"name":"aa","decl":{"start":{"line":2,"column":5660},"end":{"line":2,"column":5662}},"loc":{"start":{"line":2,"column":5665},"end":{"line":2,"column":6046}}},"10":{"name":"B","decl":{"start":{"line":2,"column":6117},"end":{"line":2,"column":6118}},"loc":{"start":{"line":2,"column":6126},"end":{"line":2,"column":6208}}},"11":{"name":"o","decl":{"start":{"line":2,"column":6228},"end":{"line":2,"column":6229}},"loc":{"start":{"line":2,"column":6231},"end":{"line":2,"column":6387}}},"12":{"name":"g","decl":{"start":{"line":2,"column":6396},"end":{"line":2,"column":6397}},"loc":{"start":{"line":2,"column":6401},"end":{"line":2,"column":7520}}},"13":{"name":"(anonymous_13)","decl":{"start":{"line":2,"column":6419},"end":{"line":2,"column":6430}},"loc":{"start":{"line":2,"column":6419},"end":{"line":2,"column":6696}}},"14":{"name":"(anonymous_14)","decl":{"start":{"line":2,"column":6721},"end":{"line":2,"column":6730}},"loc":{"start":{"line":2,"column":6732},"end":{"line":2,"column":7510}}},"15":{"name":"i","decl":{"start":{"line":2,"column":7529},"end":{"line":2,"column":7530}},"loc":{"start":{"line":2,"column":7532},"end":{"line":2,"column":9271}}},"16":{"name":"Q","decl":{"start":{"line":2,"column":9381},"end":{"line":2,"column":9382}},"loc":{"start":{"line":2,"column":9387},"end":{"line":2,"column":10969}}},"17":{"name":"ae","decl":{"start":{"line":2,"column":9755},"end":{"line":2,"column":9757}},"loc":{"start":{"line":2,"column":9760},"end":{"line":2,"column":10259}}},"18":{"name":"ad","decl":{"start":{"line":2,"column":10268},"end":{"line":2,"column":10270}},"loc":{"start":{"line":2,"column":10273},"end":{"line":2,"column":10634}}},"19":{"name":"ai","decl":{"start":{"line":2,"column":10340},"end":{"line":2,"column":10342}},"loc":{"start":{"line":2,"column":10348},"end":{"line":2,"column":10540}}},"20":{"name":"D","decl":{"start":{"line":2,"column":10978},"end":{"line":2,"column":10979}},"loc":{"start":{"line":2,"column":10982},"end":{"line":2,"column":11893}}},"21":{"name":"c","decl":{"start":{"line":2,"column":11911},"end":{"line":2,"column":11912}},"loc":{"start":{"line":2,"column":11916},"end":{"line":2,"column":12070}}},"22":{"name":"q","decl":{"start":{"line":2,"column":12079},"end":{"line":2,"column":12080}},"loc":{"start":{"line":2,"column":12084},"end":{"line":2,"column":12178}}},"23":{"name":"d","decl":{"start":{"line":2,"column":14069},"end":{"line":2,"column":14070}},"loc":{"start":{"line":2,"column":14072},"end":{"line":2,"column":14268}}},"24":{"name":"y","decl":{"start":{"line":2,"column":14277},"end":{"line":2,"column":14278}},"loc":{"start":{"line":2,"column":14284},"end":{"line":2,"column":14424}}},"25":{"name":"b","decl":{"start":{"line":2,"column":14433},"end":{"line":2,"column":14434}},"loc":{"start":{"line":2,"column":14437},"end":{"line":2,"column":15490}}},"26":{"name":"Y","decl":{"start":{"line":2,"column":14448},"end":{"line":2,"column":14449}},"loc":{"start":{"line":2,"column":14452},"end":{"line":2,"column":14495}}},"27":{"name":"(anonymous_27)","decl":{"start":{"line":2,"column":14666},"end":{"line":2,"column":14677}},"loc":{"start":{"line":2,"column":14666},"end":{"line":2,"column":14696}}},"28":{"name":"U","decl":{"start":{"line":2,"column":14786},"end":{"line":2,"column":14787}},"loc":{"start":{"line":2,"column":14787},"end":{"line":2,"column":15486}}}},"branchMap":{"0":{"loc":{"start":{"line":2,"column":2616},"end":{"line":2,"column":2753}},"type":"if","locations":[{"start":{"line":2,"column":2616},"end":{"line":2,"column":2753}},{"start":{"line":2,"column":2646},"end":{"line":2,"column":2753}}]},"1":{"loc":{"start":{"line":2,"column":2647},"end":{"line":2,"column":2752}},"type":"if","locations":[{"start":{"line":2,"column":2647},"end":{"line":2,"column":2752}},{"start":{},"end":{}}]},"2":{"loc":{"start":{"line":2,"column":2830},"end":{"line":2,"column":2852}},"type":"if","locations":[{"start":{"line":2,"column":2830},"end":{"line":2,"column":2852}},{"start":{},"end":{}}]},"3":{"loc":{"start":{"line":2,"column":2881},"end":{"line":2,"column":3054}},"type":"if","locations":[{"start":{"line":2,"column":2881},"end":{"line":2,"column":3054}},{"start":{"line":2,"column":2902},"end":{"line":2,"column":3054}}]},"4":{"loc":{"start":{"line":2,"column":2903},"end":{"line":2,"column":3053}},"type":"if","locations":[{"start":{"line":2,"column":2903},"end":{"line":2,"column":3053}},{"start":{"line":2,"column":2963},"end":{"line":2,"column":3053}}]},"5":{"loc":{"start":{"line":2,"column":2906},"end":{"line":2,"column":2922}},"type":"binary-expr","locations":[{"start":{"line":2,"column":2906},"end":{"line":2,"column":2913}},{"start":{"line":2,"column":2915},"end":{"line":2,"column":2922}}]},"6":{"loc":{"start":{"line":2,"column":2964},"end":{"line":2,"column":3052}},"type":"if","locations":[{"start":{"line":2,"column":2964},"end":{"line":2,"column":3052}},{"start":{"line":2,"column":3027},"end":{"line":2,"column":3052}}]},"7":{"loc":{"start":{"line":2,"column":2967},"end":{"line":2,"column":2985}},"type":"binary-expr","locations":[{"start":{"line":2,"column":2967},"end":{"line":2,"column":2975}},{"start":{"line":2,"column":2977},"end":{"line":2,"column":2985}}]},"8":{"loc":{"start":{"line":2,"column":3070},"end":{"line":2,"column":3123}},"type":"if","locations":[{"start":{"line":2,"column":3070},"end":{"line":2,"column":3123}},{"start":{},"end":{}}]},"9":{"loc":{"start":{"line":2,"column":3087},"end":{"line":2,"column":3105}},"type":"cond-expr","locations":[{"start":{"line":2,"column":3093},"end":{"line":2,"column":3099}},{"start":{"line":2,"column":3100},"end":{"line":2,"column":3105}}]},"10":{"loc":{"start":{"line":2,"column":3154},"end":{"line":2,"column":3209}},"type":"if","locations":[{"start":{"line":2,"column":3154},"end":{"line":2,"column":3209}},{"start":{},"end":{}}]},"11":{"loc":{"start":{"line":2,"column":3157},"end":{"line":2,"column":3196}},"type":"binary-expr","locations":[{"start":{"line":2,"column":3157},"end":{"line":2,"column":3166}},{"start":{"line":2,"column":3168},"end":{"line":2,"column":3176}},{"start":{"line":2,"column":3178},"end":{"line":2,"column":3186}},{"start":{"line":2,"column":3188},"end":{"line":2,"column":3196}}]},"12":{"loc":{"start":{"line":2,"column":3443},"end":{"line":2,"column":3449}},"type":"cond-expr","locations":[{"start":{"line":2,"column":3446},"end":{"line":2,"column":3447}},{"start":{"line":2,"column":3448},"end":{"line":2,"column":3449}}]},"13":{"loc":{"start":{"line":2,"column":3489},"end":{"line":2,"column":3795}},"type":"if","locations":[{"start":{"line":2,"column":3489},"end":{"line":2,"column":3795}},{"start":{"line":2,"column":3530},"end":{"line":2,"column":3795}}]},"14":{"loc":{"start":{"line":2,"column":3552},"end":{"line":2,"column":3613}},"type":"if","locations":[{"start":{"line":2,"column":3552},"end":{"line":2,"column":3613}},{"start":{"line":2,"column":3606},"end":{"line":2,"column":3613}}]},"15":{"loc":{"start":{"line":2,"column":3555},"end":{"line":2,"column":3578}},"type":"binary-expr","locations":[{"start":{"line":2,"column":3555},"end":{"line":2,"column":3562}},{"start":{"line":2,"column":3564},"end":{"line":2,"column":3578}}]},"16":{"loc":{"start":{"line":2,"column":3630},"end":{"line":2,"column":3794}},"type":"if","locations":[{"start":{"line":2,"column":3630},"end":{"line":2,"column":3794}},{"start":{},"end":{}}]},"17":{"loc":{"start":{"line":2,"column":3635},"end":{"line":2,"column":3648}},"type":"binary-expr","locations":[{"start":{"line":2,"column":3635},"end":{"line":2,"column":3640}},{"start":{"line":2,"column":3642},"end":{"line":2,"column":3648}}]},"18":{"loc":{"start":{"line":2,"column":3651},"end":{"line":2,"column":3720}},"type":"if","locations":[{"start":{"line":2,"column":3651},"end":{"line":2,"column":3720}},{"start":{},"end":{}}]},"19":{"loc":{"start":{"line":2,"column":3656},"end":{"line":2,"column":3668}},"type":"binary-expr","locations":[{"start":{"line":2,"column":3656},"end":{"line":2,"column":3661}},{"start":{"line":2,"column":3663},"end":{"line":2,"column":3668}}]},"20":{"loc":{"start":{"line":2,"column":3720},"end":{"line":2,"column":3793}},"type":"if","locations":[{"start":{"line":2,"column":3720},"end":{"line":2,"column":3793}},{"start":{},"end":{}}]},"21":{"loc":{"start":{"line":2,"column":3725},"end":{"line":2,"column":3738}},"type":"binary-expr","locations":[{"start":{"line":2,"column":3725},"end":{"line":2,"column":3730}},{"start":{"line":2,"column":3732},"end":{"line":2,"column":3738}}]},"22":{"loc":{"start":{"line":2,"column":3826},"end":{"line":2,"column":3854}},"type":"binary-expr","locations":[{"start":{"line":2,"column":3827},"end":{"line":2,"column":3838}},{"start":{"line":2,"column":3842},"end":{"line":2,"column":3853}}]},"23":{"loc":{"start":{"line":2,"column":3930},"end":{"line":2,"column":3997}},"type":"if","locations":[{"start":{"line":2,"column":3930},"end":{"line":2,"column":3997}},{"start":{"line":2,"column":3981},"end":{"line":2,"column":3997}}]},"24":{"loc":{"start":{"line":2,"column":4011},"end":{"line":2,"column":4031}},"type":"if","locations":[{"start":{"line":2,"column":4011},"end":{"line":2,"column":4031}},{"start":{},"end":{}}]},"25":{"loc":{"start":{"line":2,"column":4116},"end":{"line":2,"column":4181}},"type":"if","locations":[{"start":{"line":2,"column":4116},"end":{"line":2,"column":4181}},{"start":{},"end":{}}]},"26":{"loc":{"start":{"line":2,"column":4132},"end":{"line":2,"column":4163}},"type":"if","locations":[{"start":{"line":2,"column":4132},"end":{"line":2,"column":4163}},{"start":{},"end":{}}]},"27":{"loc":{"start":{"line":2,"column":4496},"end":{"line":2,"column":4594}},"type":"if","locations":[{"start":{"line":2,"column":4496},"end":{"line":2,"column":4594}},{"start":{"line":2,"column":4518},"end":{"line":2,"column":4594}}]},"28":{"loc":{"start":{"line":2,"column":4519},"end":{"line":2,"column":4593}},"type":"if","locations":[{"start":{"line":2,"column":4519},"end":{"line":2,"column":4593}},{"start":{},"end":{}}]},"29":{"loc":{"start":{"line":2,"column":4567},"end":{"line":2,"column":4592}},"type":"if","locations":[{"start":{"line":2,"column":4567},"end":{"line":2,"column":4592}},{"start":{},"end":{}}]},"30":{"loc":{"start":{"line":2,"column":4570},"end":{"line":2,"column":4580}},"type":"binary-expr","locations":[{"start":{"line":2,"column":4570},"end":{"line":2,"column":4572}},{"start":{"line":2,"column":4574},"end":{"line":2,"column":4580}}]},"31":{"loc":{"start":{"line":2,"column":4627},"end":{"line":2,"column":4655}},"type":"if","locations":[{"start":{"line":2,"column":4627},"end":{"line":2,"column":4655}},{"start":{},"end":{}}]},"32":{"loc":{"start":{"line":2,"column":4700},"end":{"line":2,"column":4844}},"type":"if","locations":[{"start":{"line":2,"column":4700},"end":{"line":2,"column":4844}},{"start":{"line":2,"column":4759},"end":{"line":2,"column":4844}}]},"33":{"loc":{"start":{"line":2,"column":4718},"end":{"line":2,"column":4754}},"type":"if","locations":[{"start":{"line":2,"column":4718},"end":{"line":2,"column":4754}},{"start":{},"end":{}}]},"34":{"loc":{"start":{"line":2,"column":4760},"end":{"line":2,"column":4843}},"type":"if","locations":[{"start":{"line":2,"column":4760},"end":{"line":2,"column":4843}},{"start":{},"end":{}}]},"35":{"loc":{"start":{"line":2,"column":4808},"end":{"line":2,"column":4842}},"type":"if","locations":[{"start":{"line":2,"column":4808},"end":{"line":2,"column":4842}},{"start":{},"end":{}}]},"36":{"loc":{"start":{"line":2,"column":4811},"end":{"line":2,"column":4821}},"type":"binary-expr","locations":[{"start":{"line":2,"column":4811},"end":{"line":2,"column":4813}},{"start":{"line":2,"column":4815},"end":{"line":2,"column":4821}}]},"37":{"loc":{"start":{"line":2,"column":4875},"end":{"line":2,"column":4918}},"type":"if","locations":[{"start":{"line":2,"column":4875},"end":{"line":2,"column":4918}},{"start":{},"end":{}}]},"38":{"loc":{"start":{"line":2,"column":4878},"end":{"line":2,"column":4906}},"type":"binary-expr","locations":[{"start":{"line":2,"column":4878},"end":{"line":2,"column":4890}},{"start":{"line":2,"column":4892},"end":{"line":2,"column":4906}}]},"39":{"loc":{"start":{"line":2,"column":4919},"end":{"line":2,"column":5178}},"type":"if","locations":[{"start":{"line":2,"column":4919},"end":{"line":2,"column":5178}},{"start":{},"end":{}}]},"40":{"loc":{"start":{"line":2,"column":4922},"end":{"line":2,"column":4938}},"type":"binary-expr","locations":[{"start":{"line":2,"column":4922},"end":{"line":2,"column":4935}},{"start":{"line":2,"column":4937},"end":{"line":2,"column":4938}}]},"41":{"loc":{"start":{"line":2,"column":4999},"end":{"line":2,"column":5176}},"type":"if","locations":[{"start":{"line":2,"column":4999},"end":{"line":2,"column":5176}},{"start":{"line":2,"column":5043},"end":{"line":2,"column":5176}}]},"42":{"loc":{"start":{"line":2,"column":5002},"end":{"line":2,"column":5024}},"type":"binary-expr","locations":[{"start":{"line":2,"column":5002},"end":{"line":2,"column":5014}},{"start":{"line":2,"column":5016},"end":{"line":2,"column":5024}}]},"43":{"loc":{"start":{"line":2,"column":5044},"end":{"line":2,"column":5175}},"type":"if","locations":[{"start":{"line":2,"column":5044},"end":{"line":2,"column":5175}},{"start":{},"end":{}}]},"44":{"loc":{"start":{"line":2,"column":5251},"end":{"line":2,"column":5302}},"type":"if","locations":[{"start":{"line":2,"column":5251},"end":{"line":2,"column":5302}},{"start":{},"end":{}}]},"45":{"loc":{"start":{"line":2,"column":5254},"end":{"line":2,"column":5277}},"type":"binary-expr","locations":[{"start":{"line":2,"column":5254},"end":{"line":2,"column":5263}},{"start":{"line":2,"column":5265},"end":{"line":2,"column":5277}}]},"46":{"loc":{"start":{"line":2,"column":5358},"end":{"line":2,"column":5369}},"type":"cond-expr","locations":[{"start":{"line":2,"column":5361},"end":{"line":2,"column":5365}},{"start":{"line":2,"column":5366},"end":{"line":2,"column":5369}}]},"47":{"loc":{"start":{"line":2,"column":5456},"end":{"line":2,"column":5617}},"type":"if","locations":[{"start":{"line":2,"column":5456},"end":{"line":2,"column":5617}},{"start":{"line":2,"column":5507},"end":{"line":2,"column":5617}}]},"48":{"loc":{"start":{"line":2,"column":5508},"end":{"line":2,"column":5616}},"type":"if","locations":[{"start":{"line":2,"column":5508},"end":{"line":2,"column":5616}},{"start":{},"end":{}}]},"49":{"loc":{"start":{"line":2,"column":5623},"end":{"line":2,"column":5650}},"type":"binary-expr","locations":[{"start":{"line":2,"column":5623},"end":{"line":2,"column":5624}},{"start":{"line":2,"column":5626},"end":{"line":2,"column":5650}}]},"50":{"loc":{"start":{"line":2,"column":5667},"end":{"line":2,"column":6045}},"type":"switch","locations":[{"start":{"line":2,"column":5687},"end":{"line":2,"column":5869}},{"start":{"line":2,"column":5869},"end":{"line":2,"column":5876}},{"start":{"line":2,"column":5876},"end":{"line":2,"column":6044}}]},"51":{"loc":{"start":{"line":2,"column":5694},"end":{"line":2,"column":5726}},"type":"if","locations":[{"start":{"line":2,"column":5694},"end":{"line":2,"column":5726}},{"start":{},"end":{}}]},"52":{"loc":{"start":{"line":2,"column":5799},"end":{"line":2,"column":5863}},"type":"if","locations":[{"start":{"line":2,"column":5799},"end":{"line":2,"column":5863}},{"start":{},"end":{}}]},"53":{"loc":{"start":{"line":2,"column":5802},"end":{"line":2,"column":5822}},"type":"binary-expr","locations":[{"start":{"line":2,"column":5802},"end":{"line":2,"column":5811}},{"start":{"line":2,"column":5813},"end":{"line":2,"column":5822}}]},"54":{"loc":{"start":{"line":2,"column":5903},"end":{"line":2,"column":6039}},"type":"if","locations":[{"start":{"line":2,"column":5903},"end":{"line":2,"column":6039}},{"start":{},"end":{}}]},"55":{"loc":{"start":{"line":2,"column":5917},"end":{"line":2,"column":5991}},"type":"if","locations":[{"start":{"line":2,"column":5917},"end":{"line":2,"column":5991}},{"start":{"line":2,"column":5961},"end":{"line":2,"column":5991}}]},"56":{"loc":{"start":{"line":2,"column":6128},"end":{"line":2,"column":6142}},"type":"if","locations":[{"start":{"line":2,"column":6128},"end":{"line":2,"column":6142}},{"start":{},"end":{}}]},"57":{"loc":{"start":{"line":2,"column":6310},"end":{"line":2,"column":6361}},"type":"cond-expr","locations":[{"start":{"line":2,"column":6319},"end":{"line":2,"column":6324}},{"start":{"line":2,"column":6326},"end":{"line":2,"column":6361}}]},"58":{"loc":{"start":{"line":2,"column":6319},"end":{"line":2,"column":6324}},"type":"cond-expr","locations":[{"start":{"line":2,"column":6321},"end":{"line":2,"column":6322}},{"start":{"line":2,"column":6323},"end":{"line":2,"column":6324}}]},"59":{"loc":{"start":{"line":2,"column":6326},"end":{"line":2,"column":6361}},"type":"cond-expr","locations":[{"start":{"line":2,"column":6335},"end":{"line":2,"column":6358}},{"start":{"line":2,"column":6360},"end":{"line":2,"column":6361}}]},"60":{"loc":{"start":{"line":2,"column":6335},"end":{"line":2,"column":6358}},"type":"cond-expr","locations":[{"start":{"line":2,"column":6355},"end":{"line":2,"column":6356}},{"start":{"line":2,"column":6357},"end":{"line":2,"column":6358}}]},"61":{"loc":{"start":{"line":2,"column":6369},"end":{"line":2,"column":6386}},"type":"cond-expr","locations":[{"start":{"line":2,"column":6375},"end":{"line":2,"column":6384}},{"start":{"line":2,"column":6385},"end":{"line":2,"column":6386}}]},"62":{"loc":{"start":{"line":2,"column":6530},"end":{"line":2,"column":6588}},"type":"if","locations":[{"start":{"line":2,"column":6530},"end":{"line":2,"column":6588}},{"start":{},"end":{}}]},"63":{"loc":{"start":{"line":2,"column":6613},"end":{"line":2,"column":6664}},"type":"if","locations":[{"start":{"line":2,"column":6613},"end":{"line":2,"column":6664}},{"start":{},"end":{}}]},"64":{"loc":{"start":{"line":2,"column":6796},"end":{"line":2,"column":6810}},"type":"binary-expr","locations":[{"start":{"line":2,"column":6796},"end":{"line":2,"column":6806}},{"start":{"line":2,"column":6808},"end":{"line":2,"column":6810}}]},"65":{"loc":{"start":{"line":2,"column":6908},"end":{"line":2,"column":7216}},"type":"if","locations":[{"start":{"line":2,"column":6908},"end":{"line":2,"column":7216}},{"start":{"line":2,"column":6946},"end":{"line":2,"column":7216}}]},"66":{"loc":{"start":{"line":2,"column":6970},"end":{"line":2,"column":7099}},"type":"if","locations":[{"start":{"line":2,"column":6970},"end":{"line":2,"column":7099}},{"start":{"line":2,"column":7009},"end":{"line":2,"column":7099}}]},"67":{"loc":{"start":{"line":2,"column":7062},"end":{"line":2,"column":7084}},"type":"if","locations":[{"start":{"line":2,"column":7062},"end":{"line":2,"column":7084}},{"start":{},"end":{}}]},"68":{"loc":{"start":{"line":2,"column":7085},"end":{"line":2,"column":7098}},"type":"if","locations":[{"start":{"line":2,"column":7085},"end":{"line":2,"column":7098}},{"start":{},"end":{}}]},"69":{"loc":{"start":{"line":2,"column":7102},"end":{"line":2,"column":7143}},"type":"binary-expr","locations":[{"start":{"line":2,"column":7102},"end":{"line":2,"column":7114}},{"start":{"line":2,"column":7116},"end":{"line":2,"column":7143}}]},"70":{"loc":{"start":{"line":2,"column":7144},"end":{"line":2,"column":7197}},"type":"if","locations":[{"start":{"line":2,"column":7144},"end":{"line":2,"column":7197}},{"start":{},"end":{}}]},"71":{"loc":{"start":{"line":2,"column":7147},"end":{"line":2,"column":7181}},"type":"binary-expr","locations":[{"start":{"line":2,"column":7147},"end":{"line":2,"column":7149}},{"start":{"line":2,"column":7151},"end":{"line":2,"column":7181}}]},"72":{"loc":{"start":{"line":2,"column":7153},"end":{"line":2,"column":7180}},"type":"binary-expr","locations":[{"start":{"line":2,"column":7153},"end":{"line":2,"column":7155}},{"start":{"line":2,"column":7157},"end":{"line":2,"column":7180}}]},"73":{"loc":{"start":{"line":2,"column":7197},"end":{"line":2,"column":7215}},"type":"if","locations":[{"start":{"line":2,"column":7197},"end":{"line":2,"column":7215}},{"start":{},"end":{}}]},"74":{"loc":{"start":{"line":2,"column":7240},"end":{"line":2,"column":7491}},"type":"if","locations":[{"start":{"line":2,"column":7240},"end":{"line":2,"column":7491}},{"start":{"line":2,"column":7269},"end":{"line":2,"column":7491}}]},"75":{"loc":{"start":{"line":2,"column":7325},"end":{"line":2,"column":7377}},"type":"if","locations":[{"start":{"line":2,"column":7325},"end":{"line":2,"column":7377}},{"start":{},"end":{}}]},"76":{"loc":{"start":{"line":2,"column":7548},"end":{"line":2,"column":8035}},"type":"if","locations":[{"start":{"line":2,"column":7548},"end":{"line":2,"column":8035}},{"start":{"line":2,"column":7786},"end":{"line":2,"column":8035}}]},"77":{"loc":{"start":{"line":2,"column":7787},"end":{"line":2,"column":8034}},"type":"if","locations":[{"start":{"line":2,"column":7787},"end":{"line":2,"column":8034}},{"start":{"line":2,"column":7941},"end":{"line":2,"column":8034}}]},"78":{"loc":{"start":{"line":2,"column":8035},"end":{"line":2,"column":8104}},"type":"if","locations":[{"start":{"line":2,"column":8035},"end":{"line":2,"column":8104}},{"start":{},"end":{}}]},"79":{"loc":{"start":{"line":2,"column":8125},"end":{"line":2,"column":8474}},"type":"if","locations":[{"start":{"line":2,"column":8125},"end":{"line":2,"column":8474}},{"start":{},"end":{}}]},"80":{"loc":{"start":{"line":2,"column":8131},"end":{"line":2,"column":8473}},"type":"if","locations":[{"start":{"line":2,"column":8131},"end":{"line":2,"column":8473}},{"start":{"line":2,"column":8438},"end":{"line":2,"column":8473}}]},"81":{"loc":{"start":{"line":2,"column":8152},"end":{"line":2,"column":8346}},"type":"if","locations":[{"start":{"line":2,"column":8152},"end":{"line":2,"column":8346}},{"start":{"line":2,"column":8225},"end":{"line":2,"column":8346}}]},"82":{"loc":{"start":{"line":2,"column":8474},"end":{"line":2,"column":8571}},"type":"if","locations":[{"start":{"line":2,"column":8474},"end":{"line":2,"column":8571}},{"start":{},"end":{}}]},"83":{"loc":{"start":{"line":2,"column":8571},"end":{"line":2,"column":8746}},"type":"if","locations":[{"start":{"line":2,"column":8571},"end":{"line":2,"column":8746}},{"start":{},"end":{}}]},"84":{"loc":{"start":{"line":2,"column":8760},"end":{"line":2,"column":8780}},"type":"if","locations":[{"start":{"line":2,"column":8760},"end":{"line":2,"column":8780}},{"start":{},"end":{}}]},"85":{"loc":{"start":{"line":2,"column":8823},"end":{"line":2,"column":8904}},"type":"if","locations":[{"start":{"line":2,"column":8823},"end":{"line":2,"column":8904}},{"start":{},"end":{}}]},"86":{"loc":{"start":{"line":2,"column":9467},"end":{"line":2,"column":9622}},"type":"if","locations":[{"start":{"line":2,"column":9467},"end":{"line":2,"column":9622}},{"start":{"line":2,"column":9518},"end":{"line":2,"column":9622}}]},"87":{"loc":{"start":{"line":2,"column":9519},"end":{"line":2,"column":9621}},"type":"if","locations":[{"start":{"line":2,"column":9519},"end":{"line":2,"column":9621}},{"start":{},"end":{}}]},"88":{"loc":{"start":{"line":2,"column":9628},"end":{"line":2,"column":9655}},"type":"binary-expr","locations":[{"start":{"line":2,"column":9628},"end":{"line":2,"column":9629}},{"start":{"line":2,"column":9631},"end":{"line":2,"column":9655}}]},"89":{"loc":{"start":{"line":2,"column":9762},"end":{"line":2,"column":10258}},"type":"switch","locations":[{"start":{"line":2,"column":9782},"end":{"line":2,"column":9965}},{"start":{"line":2,"column":9965},"end":{"line":2,"column":9972}},{"start":{"line":2,"column":9972},"end":{"line":2,"column":10257}}]},"90":{"loc":{"start":{"line":2,"column":9789},"end":{"line":2,"column":9820}},"type":"if","locations":[{"start":{"line":2,"column":9789},"end":{"line":2,"column":9820}},{"start":{},"end":{}}]},"91":{"loc":{"start":{"line":2,"column":9820},"end":{"line":2,"column":9959}},"type":"if","locations":[{"start":{"line":2,"column":9820},"end":{"line":2,"column":9959}},{"start":{"line":2,"column":9903},"end":{"line":2,"column":9959}}]},"92":{"loc":{"start":{"line":2,"column":9850},"end":{"line":2,"column":9898}},"type":"if","locations":[{"start":{"line":2,"column":9850},"end":{"line":2,"column":9898}},{"start":{},"end":{}}]},"93":{"loc":{"start":{"line":2,"column":9979},"end":{"line":2,"column":10252}},"type":"if","locations":[{"start":{"line":2,"column":9979},"end":{"line":2,"column":10252}},{"start":{},"end":{}}]},"94":{"loc":{"start":{"line":2,"column":10025},"end":{"line":2,"column":10251}},"type":"if","locations":[{"start":{"line":2,"column":10025},"end":{"line":2,"column":10251}},{"start":{},"end":{}}]},"95":{"loc":{"start":{"line":2,"column":10123},"end":{"line":2,"column":10205}},"type":"if","locations":[{"start":{"line":2,"column":10123},"end":{"line":2,"column":10205}},{"start":{},"end":{}}]},"96":{"loc":{"start":{"line":2,"column":10212},"end":{"line":2,"column":10250}},"type":"if","locations":[{"start":{"line":2,"column":10212},"end":{"line":2,"column":10250}},{"start":{},"end":{}}]},"97":{"loc":{"start":{"line":2,"column":10315},"end":{"line":2,"column":10330}},"type":"if","locations":[{"start":{"line":2,"column":10315},"end":{"line":2,"column":10330}},{"start":{},"end":{}}]},"98":{"loc":{"start":{"line":2,"column":10357},"end":{"line":2,"column":10382}},"type":"cond-expr","locations":[{"start":{"line":2,"column":10360},"end":{"line":2,"column":10379}},{"start":{"line":2,"column":10380},"end":{"line":2,"column":10382}}]},"99":{"loc":{"start":{"line":2,"column":10404},"end":{"line":2,"column":10530}},"type":"if","locations":[{"start":{"line":2,"column":10404},"end":{"line":2,"column":10530}},{"start":{},"end":{}}]},"100":{"loc":{"start":{"line":2,"column":10579},"end":{"line":2,"column":10614}},"type":"binary-expr","locations":[{"start":{"line":2,"column":10580},"end":{"line":2,"column":10596}},{"start":{"line":2,"column":10599},"end":{"line":2,"column":10614}}]},"101":{"loc":{"start":{"line":2,"column":10671},"end":{"line":2,"column":10717}},"type":"if","locations":[{"start":{"line":2,"column":10671},"end":{"line":2,"column":10717}},{"start":{},"end":{}}]},"102":{"loc":{"start":{"line":2,"column":10777},"end":{"line":2,"column":10802}},"type":"binary-expr","locations":[{"start":{"line":2,"column":10777},"end":{"line":2,"column":10799}},{"start":{"line":2,"column":10801},"end":{"line":2,"column":10802}}]},"103":{"loc":{"start":{"line":2,"column":10871},"end":{"line":2,"column":10932}},"type":"if","locations":[{"start":{"line":2,"column":10871},"end":{"line":2,"column":10932}},{"start":{},"end":{}}]},"104":{"loc":{"start":{"line":2,"column":11209},"end":{"line":2,"column":11272}},"type":"if","locations":[{"start":{"line":2,"column":11209},"end":{"line":2,"column":11272}},{"start":{"line":2,"column":11265},"end":{"line":2,"column":11272}}]},"105":{"loc":{"start":{"line":2,"column":11342},"end":{"line":2,"column":11361}},"type":"binary-expr","locations":[{"start":{"line":2,"column":11342},"end":{"line":2,"column":11348}},{"start":{"line":2,"column":11350},"end":{"line":2,"column":11361}}]},"106":{"loc":{"start":{"line":2,"column":11453},"end":{"line":2,"column":11465}},"type":"binary-expr","locations":[{"start":{"line":2,"column":11453},"end":{"line":2,"column":11461}},{"start":{"line":2,"column":11463},"end":{"line":2,"column":11465}}]},"107":{"loc":{"start":{"line":2,"column":11485},"end":{"line":2,"column":11495}},"type":"binary-expr","locations":[{"start":{"line":2,"column":11485},"end":{"line":2,"column":11491}},{"start":{"line":2,"column":11493},"end":{"line":2,"column":11495}}]},"108":{"loc":{"start":{"line":2,"column":11539},"end":{"line":2,"column":11857}},"type":"if","locations":[{"start":{"line":2,"column":11539},"end":{"line":2,"column":11857}},{"start":{},"end":{}}]},"109":{"loc":{"start":{"line":2,"column":11542},"end":{"line":2,"column":11580}},"type":"binary-expr","locations":[{"start":{"line":2,"column":11542},"end":{"line":2,"column":11557}},{"start":{"line":2,"column":11560},"end":{"line":2,"column":11579}}]},"110":{"loc":{"start":{"line":2,"column":11582},"end":{"line":2,"column":11610}},"type":"if","locations":[{"start":{"line":2,"column":11582},"end":{"line":2,"column":11610}},{"start":{},"end":{}}]},"111":{"loc":{"start":{"line":2,"column":11764},"end":{"line":2,"column":11856}},"type":"if","locations":[{"start":{"line":2,"column":11764},"end":{"line":2,"column":11856}},{"start":{},"end":{}}]},"112":{"loc":{"start":{"line":2,"column":11861},"end":{"line":2,"column":11876}},"type":"if","locations":[{"start":{"line":2,"column":11861},"end":{"line":2,"column":11876}},{"start":{},"end":{}}]},"113":{"loc":{"start":{"line":2,"column":11876},"end":{"line":2,"column":11891}},"type":"if","locations":[{"start":{"line":2,"column":11876},"end":{"line":2,"column":11891}},{"start":{},"end":{}}]},"114":{"loc":{"start":{"line":2,"column":11957},"end":{"line":2,"column":12068}},"type":"if","locations":[{"start":{"line":2,"column":11957},"end":{"line":2,"column":12068}},{"start":{"line":2,"column":11993},"end":{"line":2,"column":12068}}]},"115":{"loc":{"start":{"line":2,"column":11994},"end":{"line":2,"column":12067}},"type":"if","locations":[{"start":{"line":2,"column":11994},"end":{"line":2,"column":12067}},{"start":{},"end":{}}]},"116":{"loc":{"start":{"line":2,"column":12086},"end":{"line":2,"column":12166}},"type":"if","locations":[{"start":{"line":2,"column":12086},"end":{"line":2,"column":12166}},{"start":{},"end":{}}]},"117":{"loc":{"start":{"line":2,"column":12091},"end":{"line":2,"column":12113}},"type":"binary-expr","locations":[{"start":{"line":2,"column":12091},"end":{"line":2,"column":12092}},{"start":{"line":2,"column":12094},"end":{"line":2,"column":12113}}]},"118":{"loc":{"start":{"line":2,"column":12118},"end":{"line":2,"column":12165}},"type":"cond-expr","locations":[{"start":{"line":2,"column":12134},"end":{"line":2,"column":12150}},{"start":{"line":2,"column":12151},"end":{"line":2,"column":12165}}]},"119":{"loc":{"start":{"line":2,"column":14208},"end":{"line":2,"column":14266}},"type":"if","locations":[{"start":{"line":2,"column":14208},"end":{"line":2,"column":14266}},{"start":{},"end":{}}]},"120":{"loc":{"start":{"line":2,"column":14244},"end":{"line":2,"column":14264}},"type":"cond-expr","locations":[{"start":{"line":2,"column":14255},"end":{"line":2,"column":14262}},{"start":{"line":2,"column":14263},"end":{"line":2,"column":14264}}]},"121":{"loc":{"start":{"line":2,"column":14244},"end":{"line":2,"column":14254}},"type":"binary-expr","locations":[{"start":{"line":2,"column":14244},"end":{"line":2,"column":14245}},{"start":{"line":2,"column":14247},"end":{"line":2,"column":14254}}]},"122":{"loc":{"start":{"line":2,"column":14336},"end":{"line":2,"column":14349}},"type":"if","locations":[{"start":{"line":2,"column":14336},"end":{"line":2,"column":14349}},{"start":{},"end":{}}]},"123":{"loc":{"start":{"line":2,"column":14648},"end":{"line":2,"column":14698}},"type":"if","locations":[{"start":{"line":2,"column":14648},"end":{"line":2,"column":14698}},{"start":{},"end":{}}]},"124":{"loc":{"start":{"line":2,"column":14798},"end":{"line":2,"column":14852}},"type":"cond-expr","locations":[{"start":{"line":2,"column":14832},"end":{"line":2,"column":14843}},{"start":{"line":2,"column":14844},"end":{"line":2,"column":14852}}]},"125":{"loc":{"start":{"line":2,"column":14859},"end":{"line":2,"column":14881}},"type":"binary-expr","locations":[{"start":{"line":2,"column":14859},"end":{"line":2,"column":14869}},{"start":{"line":2,"column":14871},"end":{"line":2,"column":14881}}]},"126":{"loc":{"start":{"line":2,"column":14919},"end":{"line":2,"column":15433}},"type":"if","locations":[{"start":{"line":2,"column":14919},"end":{"line":2,"column":15433}},{"start":{},"end":{}}]},"127":{"loc":{"start":{"line":2,"column":14979},"end":{"line":2,"column":15046}},"type":"if","locations":[{"start":{"line":2,"column":14979},"end":{"line":2,"column":15046}},{"start":{},"end":{}}]},"128":{"loc":{"start":{"line":2,"column":14982},"end":{"line":2,"column":15018}},"type":"binary-expr","locations":[{"start":{"line":2,"column":14982},"end":{"line":2,"column":14985}},{"start":{"line":2,"column":14988},"end":{"line":2,"column":14996}},{"start":{"line":2,"column":14999},"end":{"line":2,"column":15018}}]},"129":{"loc":{"start":{"line":2,"column":15046},"end":{"line":2,"column":15062}},"type":"if","locations":[{"start":{"line":2,"column":15046},"end":{"line":2,"column":15062}},{"start":{},"end":{}}]},"130":{"loc":{"start":{"line":2,"column":15121},"end":{"line":2,"column":15255}},"type":"if","locations":[{"start":{"line":2,"column":15121},"end":{"line":2,"column":15255}},{"start":{},"end":{}}]},"131":{"loc":{"start":{"line":2,"column":15124},"end":{"line":2,"column":15239}},"type":"binary-expr","locations":[{"start":{"line":2,"column":15125},"end":{"line":2,"column":15143}},{"start":{"line":2,"column":15145},"end":{"line":2,"column":15164}},{"start":{"line":2,"column":15166},"end":{"line":2,"column":15184}},{"start":{"line":2,"column":15187},"end":{"line":2,"column":15199}},{"start":{"line":2,"column":15201},"end":{"line":2,"column":15239}}]},"132":{"loc":{"start":{"line":2,"column":15256},"end":{"line":2,"column":15432}},"type":"if","locations":[{"start":{"line":2,"column":15256},"end":{"line":2,"column":15432}},{"start":{},"end":{}}]},"133":{"loc":{"start":{"line":2,"column":15320},"end":{"line":2,"column":15360}},"type":"cond-expr","locations":[{"start":{"line":2,"column":15323},"end":{"line":2,"column":15354}},{"start":{"line":2,"column":15355},"end":{"line":2,"column":15360}}]},"134":{"loc":{"start":{"line":2,"column":15323},"end":{"line":2,"column":15354}},"type":"cond-expr","locations":[{"start":{"line":2,"column":15343},"end":{"line":2,"column":15349}},{"start":{"line":2,"column":15350},"end":{"line":2,"column":15354}}]},"135":{"loc":{"start":{"line":2,"column":15323},"end":{"line":2,"column":15342}},"type":"binary-expr","locations":[{"start":{"line":2,"column":15323},"end":{"line":2,"column":15328}},{"start":{"line":2,"column":15330},"end":{"line":2,"column":15342}}]},"136":{"loc":{"start":{"line":2
[...]
,"C:\\Users\\nener\\gg.start\\api\\src\\tournaments\\dto\\create-tournament.dto.ts": {"path":"C:\\Users\\nener\\gg.start\\api\\src\\tournaments\\dto\\create-tournament.dto.ts","statementMap":{"0":{"start":{"line":1,"column":0},"end":{"line":1,"column":46}},"1":{"start":{"line":3,"column":0},"end":{"line":3,"column":13}},"2":{"start":{"line":5,"column":2},"end":{"line":5,"column":null}},"3":{"start":{"line":8,"column":2},"end":{"line":8,"column":null}},"4":{"start":{"line":11,"column":2},"end":{"line":11,"column":null}}},"fnMap":{},"branchMap":{},"s":{"0":1,"1":1,"2":1,"3":1,"4":1},"f":{},"b":{}}
,"C:\\Users\\nener\\gg.start\\api\\src\\tournaments\\dto\\update-tournament.dto.ts": {"path":"C:\\Users\\nener\\gg.start\\api\\src\\tournaments\\dto\\update-tournament.dto.ts","statementMap":{"0":{"start":{"line":1,"column":0},"end":{"line":1,"column":46}},"1":{"start":{"line":2,"column":0},"end":{"line":2,"column":62}},"2":{"start":{"line":4,"column":0},"end":{"line":4,"column":13}}},"fnMap":{},"branchMap":{},"s":{"0":1,"1":1,"2":1},"f":{},"b":{}}
,"C:\\Users\\nener\\gg.start\\api\\src\\tournaments\\entities\\tournament.entity.ts": {"path":"C:\\Users\\nener\\gg.start\\api\\src\\tournaments\\entities\\tournament.entity.ts","statementMap":{"0":{"start":{"line":1,"column":0},"end":{"line":1,"column":null}},"1":{"start":{"line":8,"column":0},"end":{"line":8,"column":56}},"2":{"start":{"line":9,"column":0},"end":{"line":9,"column":63}},"3":{"start":{"line":12,"column":7},"end":{"line":30,"column":null}},"4":{"start":{"line":12,"column":13},"end":{"line":12,"column":23}},"5":{"start":{"line":14,"column":2},"end":{"line":14,"column":null}},"6":{"start":{"line":17,"column":2},"end":{"line":17,"column":null}},"7":{"start":{"line":20,"column":2},"end":{"line":20,"column":null}},"8":{"start":{"line":26,"column":2},"end":{"line":26,"column":null}},"9":{"start":{"line":22,"column":19},"end":{"line":22,"column":23}},"10":{"start":{"line":22,"column":35},"end":{"line":22,"column":60}},"11":{"start":{"line":29,"column":2},"end":{"line":29,"column":null}},"12":{"start":{"line":28,"column":19},"end":{"line":28,"column":26}},"13":{"start":{"line":28,"column":41},"end":{"line":28,"column":59}},"14":{"start":{"line":12,"column":13},"end":{"line":30,"column":null}}},"fnMap":{"0":{"name":"(anonymous_2)","decl":{"start":{"line":22,"column":13},"end":{"line":22,"column":16}},"loc":{"start":{"line":22,"column":19},"end":{"line":22,"column":23}}},"1":{"name":"(anonymous_3)","decl":{"start":{"line":22,"column":25},"end":{"line":22,"column":26}},"loc":{"start":{"line":22,"column":35},"end":{"line":22,"column":60}}},"2":{"name":"(anonymous_4)","decl":{"start":{"line":28,"column":13},"end":{"line":28,"column":16}},"loc":{"start":{"line":28,"column":19},"end":{"line":28,"column":26}}},"3":{"name":"(anonymous_5)","decl":{"start":{"line":28,"column":28},"end":{"line":28,"column":29}},"loc":{"start":{"line":28,"column":41},"end":{"line":28,"column":59}}}},"branchMap":{"0":{"loc":{"start":{"line":26,"column":13},"end":{"line":26,"column":18}},"type":"cond-expr","locations":[{"start":{"line":26,"column":17},"end":{"line":26,"column":18}},{"start":{"line":26,"column":17},"end":{"line":26,"column":18}}]},"1":{"loc":{"start":{"line":26,"column":13},"end":{"line":26,"column":17}},"type":"binary-expr","locations":[{"start":{"line":26,"column":13},"end":{"line":26,"column":18}},{"start":{"line":26,"column":13},"end":{"line":26,"column":17}}]}},"s":{"0":17,"1":17,"2":17,"3":17,"4":17,"5":17,"6":17,"7":17,"8":17,"9":0,"10":0,"11":17,"12":0,"13":0,"14":17},"f":{"0":0,"1":0,"2":0,"3":0},"b":{"0":[12,5],"1":[17,12]}}
,"C:\\Users\\nener\\gg.start\\api\\src\\users\\users.controller.ts": {"path":"C:\\Users\\nener\\gg.start\\api\\src\\users\\users.controller.ts","statementMap":{"0":{"start":{"line":1,"column":0},"end":{"line":1,"column":null}},"1":{"start":{"line":10,"column":0},"end":{"line":10,"column":47}},"2":{"start":{"line":11,"column":0},"end":{"line":11,"column":54}},"3":{"start":{"line":12,"column":0},"end":{"line":12,"column":62}},"4":{"start":{"line":16,"column":7},"end":{"line":53,"column":null}},"5":{"start":{"line":17,"column":31},"end":{"line":17,"column":45}},"6":{"start":{"line":22,"column":4},"end":{"line":22,"column":51}},"7":{"start":{"line":28,"column":4},"end":{"line":28,"column":39}},"8":{"start":{"line":34,"column":4},"end":{"line":34,"column":45}},"9":{"start":{"line":40,"column":4},"end":{"line":40,"column":53}},"10":{"start":{"line":16,"column":13},"end":{"line":16,"column":28}},"11":{"start":{"line":21,"column":2},"end":{"line":23,"column":null}},"12":{"start":{"line":27,"column":2},"end":{"line":29,"column":null}},"13":{"start":{"line":33,"column":2},"end":{"line":35,"column":null}},"14":{"start":{"line":39,"column":2},"end":{"line":41,"column":null}},"15":{"start":{"line":16,"column":13},"end":{"line":53,"column":null}}},"fnMap":{"0":{"name":"(anonymous_4)","decl":{"start":{"line":17,"column":2},"end":{"line":17,"column":31}},"loc":{"start":{"line":17,"column":57},"end":{"line":17,"column":61}}},"1":{"name":"(anonymous_5)","decl":{"start":{"line":21,"column":2},"end":{"line":21,"column":8}},"loc":{"start":{"line":21,"column":45},"end":{"line":23,"column":3}}},"2":{"name":"(anonymous_6)","decl":{"start":{"line":27,"column":2},"end":{"line":27,"column":9}},"loc":{"start":{"line":27,"column":9},"end":{"line":29,"column":3}}},"3":{"name":"(anonymous_7)","decl":{"start":{"line":33,"column":2},"end":{"line":33,"column":13}},"loc":{"start":{"line":33,"column":37},"end":{"line":35,"column":3}}},"4":{"name":"(anonymous_8)","decl":{"start":{"line":39,"column":2},"end":{"line":39,"column":15}},"loc":{"start":{"line":39,"column":51},"end":{"line":41,"column":3}}}},"branchMap":{"0":{"loc":{"start":{"line":21,"column":32},"end":{"line":21,"column":null}},"type":"cond-expr","locations":[{"start":{"line":21,"column":45},"end":{"line":21,"column":null}},{"start":{"line":21,"column":45},"end":{"line":21,"column":null}}]},"1":{"loc":{"start":{"line":21,"column":32},"end":{"line":21,"column":45}},"type":"binary-expr","locations":[{"start":{"line":21,"column":32},"end":{"line":21,"column":null}},{"start":{"line":21,"column":32},"end":{"line":21,"column":45}}]},"2":{"loc":{"start":{"line":17,"column":45},"end":{"line":17,"column":60}},"type":"cond-expr","locations":[{"start":{"line":17,"column":57},"end":{"line":17,"column":60}},{"start":{"line":17,"column":57},"end":{"line":17,"column":60}}]},"3":{"loc":{"start":{"line":17,"column":45},"end":{"line":17,"column":57}},"type":"binary-expr","locations":[{"start":{"line":17,"column":45},"end":{"line":17,"column":60}},{"start":{"line":17,"column":45},"end":{"line":17,"column":57}}]}},"s":{"0":1,"1":1,"2":1,"3":1,"4":1,"5":5,"6":1,"7":1,"8":1,"9":1,"10":1,"11":1,"12":1,"13":1,"14":1,"15":1},"f":{"0":5,"1":1,"2":1,"3":1,"4":1},"b":{"0":[1,0],"1":[1,1],"2":[1,0],"3":[1,1]}}
,"C:\\Users\\nener\\gg.start\\api\\src\\users\\users.module.ts": {"path":"C:\\Users\\nener\\gg.start\\api\\src\\users\\users.module.ts","statementMap":{"0":{"start":{"line":1,"column":0},"end":{"line":1,"column":40}},"1":{"start":{"line":2,"column":0},"end":{"line":2,"column":47}},"2":{"start":{"line":3,"column":0},"end":{"line":3,"column":53}},"3":{"start":{"line":4,"column":0},"end":{"line":4,"column":48}},"4":{"start":{"line":5,"column":0},"end":{"line":5,"column":46}},"5":{"start":{"line":6,"column":0},"end":{"line":6,"column":72}},"6":{"start":{"line":7,"column":0},"end":{"line":7,"column":82}},"7":{"start":{"line":8,"column":0},"end":{"line":8,"column":63}},"8":{"start":{"line":18,"column":7},"end":{"line":18,"column":null}},"9":{"start":{"line":18,"column":13},"end":{"line":18,"column":24}},"10":{"start":{"line":18,"column":13},"end":{"line":18,"column":null}}},"fnMap":{},"branchMap":{},"s":{"0":0,"1":0,"2":0,"3":0,"4":0,"5":0,"6":0,"7":0,"8":0,"9":0,"10":0},"f":{},"b":{}}
,"C:\\Users\\nener\\gg.start\\api\\src\\users\\users.service.ts": {"path":"C:\\Users\\nener\\gg.start\\api\\src\\users\\users.service.ts","statementMap":{"0":{"start":{"line":1,"column":0},"end":{"line":1,"column":63}},"1":{"start":{"line":3,"column":0},"end":{"line":3,"column":46}},"2":{"start":{"line":4,"column":0},"end":{"line":4,"column":33}},"3":{"start":{"line":5,"column":0},"end":{"line":5,"column":51}},"4":{"start":{"line":6,"column":0},"end":{"line":6,"column":37}},"5":{"start":{"line":10,"column":7},"end":{"line":102,"column":null}},"6":{"start":{"line":13,"column":12},"end":{"line":13,"column":29}},"7":{"start":{"line":17,"column":21},"end":{"line":17,"column":31}},"8":{"start":{"line":18,"column":4},"end":{"line":18,"column":35}},"9":{"start":{"line":19,"column":4},"end":{"line":19,"column":37}},"10":{"start":{"line":21,"column":25},"end":{"line":21,"column":27}},"11":{"start":{"line":22,"column":17},"end":{"line":22,"column":72}},"12":{"start":{"line":23,"column":4},"end":{"line":23,"column":29}},"13":{"start":{"line":25,"column":4},"end":{"line":25,"column":49}},"14":{"start":{"line":27,"column":40},"end":{"line":27,"column":44}},"15":{"start":{"line":29,"column":4},"end":{"line":29,"column":18}},"16":{"start":{"line":33,"column":4},"end":{"line":33,"column":39}},"17":{"start":{"line":37,"column":17},"end":{"line":37,"column":74}},"18":{"start":{"line":38,"column":4},"end":{"line":40,"column":5}},"19":{"start":{"line":39,"column":6},"end":{"line":39,"column":52}},"20":{"start":{"line":41,"column":4},"end":{"line":41,"column":16}},"21":{"start":{"line":45,"column":17},"end":{"line":45,"column":78}},"22":{"start":{"line":46,"column":4},"end":{"line":48,"column":5}},"23":{"start":{"line":47,"column":6},"end":{"line":47,"column":52}},"24":{"start":{"line":49,"column":4},"end":{"line":49,"column":16}},"25":{"start":{"line":53,"column":17},"end":{"line":61,"column":6}},"26":{"start":{"line":62,"column":4},"end":{"line":64,"column":5}},"27":{"start":{"line":63,"column":6},"end":{"line":63,"column":52}},"28":{"start":{"line":65,"column":4},"end":{"line":65,"column":16}},"29":{"start":{"line":69,"column":17},"end":{"line":79,"column":6}},"30":{"start":{"line":80,"column":4},"end":{"line":82,"column":5}},"31":{"start":{"line":81,"column":6},"end":{"line":81,"column":52}},"32":{"start":{"line":83,"column":4},"end":{"line":83,"column":16}},"33":{"start":{"line":87,"column":17},"end":{"line":87,"column":43}},"34":{"start":{"line":88,"column":20},"end":{"line":88,"column":38}},"35":{"start":{"line":89,"column":4},"end":{"line":91,"column":5}},"36":{"start":{"line":90,"column":6},"end":{"line":90,"column":26}},"37":{"start":{"line":92,"column":21},"end":{"line":92,"column":40}},"38":{"start":{"line":93,"column":4},"end":{"line":95,"column":5}},"39":{"start":{"line":94,"column":6},"end":{"line":94,"column":28}},"40":{"start":{"line":96,"column":4},"end":{"line":96,"column":42}},"41":{"start":{"line":100,"column":4},"end":{"line":100,"column":42}},"42":{"start":{"line":10,"column":13},"end":{"line":10,"column":25}},"43":{"start":{"line":10,"column":13},"end":{"line":102,"column":null}}},"fnMap":{"0":{"name":"(anonymous_13)","decl":{"start":{"line":11,"column":2},"end":{"line":11,"column":null}},"loc":{"start":{"line":13,"column":45},"end":{"line":14,"column":6}}},"1":{"name":"(anonymous_14)","decl":{"start":{"line":16,"column":2},"end":{"line":16,"column":7}},"loc":{"start":{"line":16,"column":43},"end":{"line":30,"column":3}}},"2":{"name":"(anonymous_15)","decl":{"start":{"line":32,"column":2},"end":{"line":32,"column":9}},"loc":{"start":{"line":32,"column":9},"end":{"line":34,"column":3}}},"3":{"name":"(anonymous_16)","decl":{"start":{"line":36,"column":2},"end":{"line":36,"column":7}},"loc":{"start":{"line":36,"column":30},"end":{"line":42,"column":3}}},"4":{"name":"(anonymous_17)","decl":{"start":{"line":44,"column":2},"end":{"line":44,"column":7}},"loc":{"start":{"line":44,"column":34},"end":{"line":50,"column":3}}},"5":{"name":"(anonymous_18)","decl":{"start":{"line":52,"column":2},"end":{"line":52,"column":7}},"loc":{"start":{"line":52,"column":36},"end":{"line":66,"column":3}}},"6":{"name":"(anonymous_19)","decl":{"start":{"line":68,"column":2},"end":{"line":68,"column":7}},"loc":{"start":{"line":68,"column":54},"end":{"line":84,"column":3}}},"7":{"name":"(anonymous_20)","decl":{"start":{"line":86,"column":2},"end":{"line":86,"column":7}},"loc":{"start":{"line":86,"column":55},"end":{"line":97,"column":3}}},"8":{"name":"(anonymous_21)","decl":{"start":{"line":99,"column":2},"end":{"line":99,"column":7}},"loc":{"start":{"line":99,"column":25},"end":{"line":101,"column":3}}}},"branchMap":{"0":{"loc":{"start":{"line":38,"column":4},"end":{"line":40,"column":5}},"type":"if","locations":[{"start":{"line":38,"column":4},"end":{"line":40,"column":5}},{"start":{},"end":{}}]},"1":{"loc":{"start":{"line":46,"column":4},"end":{"line":48,"column":5}},"type":"if","locations":[{"start":{"line":46,"column":4},"end":{"line":48,"column":5}},{"start":{},"end":{}}]},"2":{"loc":{"start":{"line":62,"column":4},"end":{"line":64,"column":5}},"type":"if","locations":[{"start":{"line":62,"column":4},"end":{"line":64,"column":5}},{"start":{},"end":{}}]},"3":{"loc":{"start":{"line":80,"column":4},"end":{"line":82,"column":5}},"type":"if","locations":[{"start":{"line":80,"column":4},"end":{"line":82,"column":5}},{"start":{},"end":{}}]},"4":{"loc":{"start":{"line":89,"column":4},"end":{"line":91,"column":5}},"type":"if","locations":[{"start":{"line":89,"column":4},"end":{"line":91,"column":5}},{"start":{},"end":{}}]},"5":{"loc":{"start":{"line":93,"column":4},"end":{"line":95,"column":5}},"type":"if","locations":[{"start":{"line":93,"column":4},"end":{"line":95,"column":5}},{"start":{},"end":{}}]},"6":{"loc":{"start":{"line":13,"column":29},"end":{"line":13,"column":45}},"type":"cond-expr","locations":[{"start":{"line":13,"column":39},"end":{"line":13,"column":45}},{"start":{"line":13,"column":39},"end":{"line":13,"column":45}}]},"7":{"loc":{"start":{"line":13,"column":29},"end":{"line":13,"column":39}},"type":"binary-expr","locations":[{"start":{"line":13,"column":29},"end":{"line":13,"column":45}},{"start":{"line":13,"column":29},"end":{"line":13,"column":39}}]}},"s":{"0":7,"1":7,"2":7,"3":7,"4":7,"5":7,"6":14,"7":1,"8":1,"9":1,"10":1,"11":1,"12":1,"13":1,"14":1,"15":1,"16":0,"17":5,"18":5,"19":1,"20":4,"21":2,"22":2,"23":1,"24":1,"25":2,"26":2,"27":1,"28":1,"29":2,"30":2,"31":1,"32":1,"33":3,"34":3,"35":3,"36":2,"37":3,"38":3,"39":2,"40":3,"41":1,"42":7,"43":7},"f":{"0":14,"1":1,"2":0,"3":5,"4":2,"5":2,"6":2,"7":3,"8":1},"b":{"0":[1,4],"1":[1,1],"2":[1,1],"3":[1,1],"4":[2,1],"5":[2,1],"6":[7,0],"7":[7,7]}}
,"C:\\Users\\nener\\gg.start\\api\\src\\users\\dto\\create-user.dto.ts": {"path":"C:\\Users\\nener\\gg.start\\api\\src\\users\\dto\\create-user.dto.ts","statementMap":{"0":{"start":{"line":1,"column":0},"end":{"line":1,"column":46}},"1":{"start":{"line":3,"column":0},"end":{"line":3,"column":13}},"2":{"start":{"line":5,"column":2},"end":{"line":5,"column":null}},"3":{"start":{"line":7,"column":2},"end":{"line":7,"column":null}},"4":{"start":{"line":9,"column":2},"end":{"line":9,"column":null}}},"fnMap":{},"branchMap":{},"s":{"0":1,"1":1,"2":1,"3":1,"4":1},"f":{},"b":{}}
,"C:\\Users\\nener\\gg.start\\api\\src\\users\\dto\\update-user.dto.ts": {"path":"C:\\Users\\nener\\gg.start\\api\\src\\users\\dto\\update-user.dto.ts","statementMap":{"0":{"start":{"line":1,"column":0},"end":{"line":1,"column":51}},"1":{"start":{"line":2,"column":0},"end":{"line":2,"column":50}},"2":{"start":{"line":4,"column":0},"end":{"line":4,"column":13}}},"fnMap":{},"branchMap":{},"s":{"0":0,"1":0,"2":0},"f":{},"b":{}}
,"C:\\Users\\nener\\gg.start\\api\\src\\users\\entities\\user.entity.ts": {"path":"C:\\Users\\nener\\gg.start\\api\\src\\users\\entities\\user.entity.ts","statementMap":{"0":{"start":{"line":1,"column":0},"end":{"line":1,"column":72}},"1":{"start":{"line":2,"column":0},"end":{"line":2,"column":76}},"2":{"start":{"line":3,"column":0},"end":{"line":3,"column":85}},"3":{"start":{"line":6,"column":7},"end":{"line":24,"column":null}},"4":{"start":{"line":6,"column":13},"end":{"line":6,"column":17}},"5":{"start":{"line":8,"column":2},"end":{"line":8,"column":null}},"6":{"start":{"line":11,"column":2},"end":{"line":11,"column":null}},"7":{"start":{"line":14,"column":2},"end":{"line":14,"column":null}},"8":{"start":{"line":17,"column":2},"end":{"line":17,"column":null}},"9":{"start":{"line":20,"column":2},"end":{"line":20,"column":null}},"10":{"start":{"line":19,"column":19},"end":{"line":19,"column":29}},"11":{"start":{"line":19,"column":47},"end":{"line":19,"column":67}},"12":{"start":{"line":23,"column":2},"end":{"line":23,"column":null}},"13":{"start":{"line":22,"column":19},"end":{"line":22,"column":32}},"14":{"start":{"line":22,"column":53},"end":{"line":22,"column":71}},"15":{"start":{"line":6,"column":13},"end":{"line":24,"column":null}}},"fnMap":{"0":{"name":"(anonymous_2)","decl":{"start":{"line":19,"column":13},"end":{"line":19,"column":16}},"loc":{"start":{"line":19,"column":19},"end":{"line":19,"column":29}}},"1":{"name":"(anonymous_3)","decl":{"start":{"line":19,"column":31},"end":{"line":19,"column":32}},"loc":{"start":{"line":19,"column":47},"end":{"line":19,"column":67}}},"2":{"name":"(anonymous_4)","decl":{"start":{"line":22,"column":13},"end":{"line":22,"column":16}},"loc":{"start":{"line":22,"column":19},"end":{"line":22,"column":32}}},"3":{"name":"(anonymous_5)","decl":{"start":{"line":22,"column":34},"end":{"line":22,"column":35}},"loc":{"start":{"line":22,"column":53},"end":{"line":22,"column":71}}}},"branchMap":{},"s":{"0":17,"1":17,"2":17,"3":17,"4":17,"5":17,"6":17,"7":17,"8":17,"9":17,"10":0,"11":0,"12":17,"13":0,"14":0,"15":17},"f":{"0":0,"1":0,"2":0,"3":0},"b":{}}
,"C:\\Users\\nener\\gg.start\\api\\test\\app.e2e-spec.ts": {"path":"C:\\Users\\nener\\gg.start\\api\\test\\app.e2e-spec.ts","statementMap":{"0":{"start":{"line":1,"column":0},"end":{"line":1,"column":54}},"1":{"start":{"line":3,"column":0},"end":{"line":3,"column":32}},"2":{"start":{"line":5,"column":0},"end":{"line":5,"column":48}},"3":{"start":{"line":7,"column":0},"end":{"line":25,"column":3}},"4":{"start":{"line":10,"column":2},"end":{"line":17,"column":5}},"5":{"start":{"line":11,"column":41},"end":{"line":13,"column":16}},"6":{"start":{"line":15,"column":4},"end":{"line":15,"column":48}},"7":{"start":{"line":16,"column":4},"end":{"line":16,"column":21}},"8":{"start":{"line":19,"column":2},"end":{"line":24,"column":5}},"9":{"start":{"line":20,"column":4},"end":{"line":23,"column":30}}},"fnMap":{"0":{"name":"(anonymous_1)","decl":{"start":{"line":7,"column":32},"end":{"line":7,"column":35}},"loc":{"start":{"line":7,"column":37},"end":{"line":25,"column":1}}},"1":{"name":"(anonymous_2)","decl":{"start":{"line":10,"column":13},"end":{"line":10,"column":18}},"loc":{"start":{"line":10,"column":24},"end":{"line":17,"column":3}}},"2":{"name":"(anonymous_3)","decl":{"start":{"line":19,"column":16},"end":{"line":19,"column":19}},"loc":{"start":{"line":19,"column":21},"end":{"line":24,"column":3}}}},"branchMap":{},"s":{"0":0,"1":0,"2":0,"3":0,"4":0,"5":0,"6":0,"7":0,"8":0,"9":0},"f":{"0":0,"1":0,"2":0},"b":{}}
}
